#
# A fatal error has been detected by the Java Runtime Environment:
#
#  SIGSEGV (0xb) at pc=0x00007fff201c241f, pid=2726, tid=7939
#
# JRE version: Java(TM) SE Runtime Environment (16.0+36) (build 16+36-2231)
# Java VM: Java HotSpot(TM) 64-Bit Server VM (16+36-2231, mixed mode, sharing, tiered, compressed oops, g1 gc, bsd-amd64)
# Problematic frame:
# C  [libobjc.A.dylib+0x841f]  objc_release+0x1f
#
# No core dump will be written. Core dumps have been disabled. To enable core dumping, try "ulimit -c unlimited" before starting Java again
#
# If you would like to submit a bug report, please visit:
#   https://bugreport.java.com/bugreport/crash.jsp
# The crash happened outside the Java Virtual Machine in native code.
# See problematic frame for where to report the bug.
#

---------------  S U M M A R Y ------------

Command Line: -Djava.library.path=/Users/Ali/eclipse-workspace/LWJGL/lib/natives -Dfile.encoding=UTF-8 -XX:+ShowCodeDetailsInExceptionMessages engineTester.MainGameLoop

Host: MacBookAir10,1 x86_64 2400 MHz, 8 cores, 16G, Darwin 20.5.0, macOS 10.16 (20F71)
Time: Thu Jul  8 20:41:47 2021 EDT elapsed time: 0.412111 seconds (0d 0h 0m 0s)

---------------  T H R E A D  ---------------

Current thread (0x00007f9383810800):  JavaThread "main" [_thread_in_native, id=7939, stack(0x0000000304ec1000,0x0000000304fc1000)]

Stack: [0x0000000304ec1000,0x0000000304fc1000],  sp=0x0000000304fc05c8,  free space=1021k
Native frames: (J=compiled Java code, A=aot compiled Java code, j=interpreted, Vv=VM code, C=native code)
C  [libobjc.A.dylib+0x841f]  objc_release+0x1f
C  [libobjc.A.dylib+0x8d94]  objc_autoreleasePoolPop+0xa1
C  [CoreFoundation+0x42712]  _CFAutoreleasePoolPop+0x16
C  [Foundation+0x1f333]  -[NSAutoreleasePool release]+0x83
j  org.lwjgl.opengl.MacOSXContextImplementation.setView(Ljava/nio/ByteBuffer;Ljava/nio/ByteBuffer;)V+0
j  org.lwjgl.opengl.MacOSXContextImplementation.makeCurrent(Lorg/lwjgl/opengl/PeerInfo;Ljava/nio/ByteBuffer;)V+7
j  org.lwjgl.opengl.ContextGL.makeCurrent()V+46
j  org.lwjgl.opengl.DrawableGL.makeCurrent()V+14
j  org.lwjgl.opengl.Display.makeCurrent()V+3
j  org.lwjgl.opengl.Display.makeCurrentAndSetSwapInterval()V+0
j  org.lwjgl.opengl.Display.create(Lorg/lwjgl/opengl/PixelFormat;Lorg/lwjgl/opengl/Drawable;Lorg/lwjgl/opengl/ContextAttribs;)V+108
j  org.lwjgl.opengl.Display.create(Lorg/lwjgl/opengl/PixelFormat;Lorg/lwjgl/opengl/ContextAttribs;)V+9
j  renderEngine.DisplayManager.createDisplay()V+42
j  engineTester.MainGameLoop.main([Ljava/lang/String;)V+0
v  ~StubRoutines::call_stub
V  [libjvm.dylib+0x508672]  _ZN9JavaCalls11call_helperEP9JavaValueRK12methodHandleP17JavaCallArgumentsP6Thread+0x2d2
V  [libjvm.dylib+0x56d778]  _ZL17jni_invoke_staticP7JNIEnv_P9JavaValueP8_jobject11JNICallTypeP10_jmethodIDP18JNI_ArgumentPusherP6Thread+0x148
V  [libjvm.dylib+0x570d31]  jni_CallStaticVoidMethod+0x181
C  [libjli.dylib+0x4e9f]  JavaMain+0xbff
C  [libjli.dylib+0x7519]  ThreadJavaMain+0x9
C  [libsystem_pthread.dylib+0x68fc]  _pthread_start+0xe0
C  [libsystem_pthread.dylib+0x2443]  thread_start+0xf

Java frames: (J=compiled Java code, j=interpreted, Vv=VM code)
j  org.lwjgl.opengl.MacOSXContextImplementation.setView(Ljava/nio/ByteBuffer;Ljava/nio/ByteBuffer;)V+0
j  org.lwjgl.opengl.MacOSXContextImplementation.makeCurrent(Lorg/lwjgl/opengl/PeerInfo;Ljava/nio/ByteBuffer;)V+7
j  org.lwjgl.opengl.ContextGL.makeCurrent()V+46
j  org.lwjgl.opengl.DrawableGL.makeCurrent()V+14
j  org.lwjgl.opengl.Display.makeCurrent()V+3
j  org.lwjgl.opengl.Display.makeCurrentAndSetSwapInterval()V+0
j  org.lwjgl.opengl.Display.create(Lorg/lwjgl/opengl/PixelFormat;Lorg/lwjgl/opengl/Drawable;Lorg/lwjgl/opengl/ContextAttribs;)V+108
j  org.lwjgl.opengl.Display.create(Lorg/lwjgl/opengl/PixelFormat;Lorg/lwjgl/opengl/ContextAttribs;)V+9
j  renderEngine.DisplayManager.createDisplay()V+42
j  engineTester.MainGameLoop.main([Ljava/lang/String;)V+0
v  ~StubRoutines::call_stub

siginfo: si_signo: 11 (SIGSEGV), si_code: 1 (SEGV_MAPERR), si_addr: 0x0000000000000020

Register to memory mapping:

RAX=0x0 is NULL
RBX=0x0000000000000001 is an unknown value
RCX=0x0 is NULL
RDX=0x0000000000000005 is an unknown value
RSP=0x0000000304fc05c8 is pointing into the stack for thread: 0x00007f9383810800
RBP=0x0000000304fc0600 is pointing into the stack for thread: 0x00007f9383810800
RSI=0x00007f93826af520 points into unknown readable memory: 0x013d800139232cbf | bf 2c 23 39 01 80 3d 01
RDI=0x00007f93826cfdf0 points into unknown readable memory: 0x0000000000000000 | 00 00 00 00 00 00 00 00
R8 =0x00007f9382974ac8 points into unknown readable memory: 0x0000000000000000 | 00 00 00 00 00 00 00 00
R9 =0x0 is NULL
R10=0x0000000139232cb8: OBJC_CLASS_$_MacOSXOpenGLView+0 in /Users/Ali/eclipse-workspace/LWJGL/lib/natives/liblwjgl.jnilib at 0x00000001391f5000
R11=0x00007fff22b1110a: -[NSResponder release]+0 in /System/Library/Frameworks/AppKit.framework/Versions/C/AppKit at 0x00007fff22b06000
R12=0x00007f93826cfdf0 points into unknown readable memory: 0x0000000000000000 | 00 00 00 00 00 00 00 00
R13=0xa3a3a3a3a3a3a3a3 is an unknown value
R14=0x00007f938384c090 points into unknown readable memory: 0x0000000000000000 | 00 00 00 00 00 00 00 00
R15=0x00007f938384c000 points into unknown readable memory: 0x4f545541a1a1a1a1 | a1 a1 a1 a1 41 55 54 4f


Registers:
RAX=0x0000000000000000, RBX=0x0000000000000001, RCX=0x0000000000000000, RDX=0x0000000000000005
RSP=0x0000000304fc05c8, RBP=0x0000000304fc0600, RSI=0x00007f93826af520, RDI=0x00007f93826cfdf0
R8 =0x00007f9382974ac8, R9 =0x0000000000000000, R10=0x0000000139232cb8, R11=0x00007fff22b1110a
R12=0x00007f93826cfdf0, R13=0xa3a3a3a3a3a3a3a3, R14=0x00007f938384c090, R15=0x00007f938384c000
RIP=0x00007fff201c241f, EFLAGS=0x0000000000000246, ERR=0x0000000000000004
  TRAPNO=0x000000000000000e

Top of Stack: (sp=0x0000000304fc05c8)
0x0000000304fc05c8:   00007fff201e0343 c60cb9af8c1c0000
0x0000000304fc05d8:   00007f938384c000 0000000000000000
0x0000000304fc05e8:   0000000131c56598 00007fff7bbeb857
0x0000000304fc05f8:   00007f9383810800 0000000304fc0620
0x0000000304fc0608:   00007fff201c2d94 c60cb9af8c1c00c1
0x0000000304fc0618:   00007f938384c090 0000000304fc0640
0x0000000304fc0628:   00007fff203dc712 c60cb9af8c1c00c1
0x0000000304fc0638:   00007f938268a070 0000000304fc0680
0x0000000304fc0648:   00007fff21090333 0000000304fc0680
0x0000000304fc0658:   000000013920bb44 0000000131c565a0
0x0000000304fc0668:   c60cb9af8c1c00c1 0000000131c565a0
0x0000000304fc0678:   0000000304fc0710 0000000304fc06e8
0x0000000304fc0688:   0000000116ea1b06 000000070fc2a6f8
0x0000000304fc0698:   0000000116ea1836 0000000304fc06a0
0x0000000304fc06a8:   0000000131c56598 0000000304fc0710
0x0000000304fc06b8:   0000000131c56b08 0000000000000000
0x0000000304fc06c8:   000000070fd0ac10 0000000131c565a0
0x0000000304fc06d8:   0000000000000000 0000000304fc0708
0x0000000304fc06e8:   0000000304fc0760 0000000116e9d449
0x0000000304fc06f8:   000000070fd0ac10 0000000116e9f358
0x0000000304fc0708:   000000070fd14d48 000000070fc2a6f8
0x0000000304fc0718:   0000000304fc0718 0000000131c5649f
0x0000000304fc0728:   0000000304fc0790 0000000131c56b08
0x0000000304fc0738:   0000000000000000 000000070fd0ac10
0x0000000304fc0748:   0000000131c56510 0000000304fc0708
0x0000000304fc0758:   0000000304fc0780 0000000304fc07f0
0x0000000304fc0768:   0000000116e9d8c1 0000000000000000
0x0000000304fc0778:   000000070fc2a6f8 000000070fd14d48
0x0000000304fc0788:   000000070fc2a638 000000070fd0ad38
0x0000000304fc0798:   0000000000000001 000000070fd0ad48
0x0000000304fc07a8:   0000000304fc0798 0000000131c53dde
0x0000000304fc07b8:   0000000304fc0800 0000000131c54c90 

Instructions: (pc=0x00007fff201c241f)
0x00007fff201c231f:   00 75 20 4d 85 f6 74 10 49 8b 3e e8 bf fb 01 00
0x00007fff201c232f:   4c 89 f7 e8 b7 fb 01 00 48 c7 05 56 8f 48 60 00
0x00007fff201c233f:   00 00 00 4d 85 e4 74 23 49 8b 3c 24 49 8b 5c 24
0x00007fff201c234f:   08 48 85 ff 74 05 e8 0f fc ff ff 4c 89 e7 e8 8c
0x00007fff201c235f:   fb 01 00 49 89 dc 48 85 db 75 dd 48 8b 05 57 ae
0x00007fff201c236f:   e6 66 48 8b 00 48 3b 45 d8 75 32 48 83 c4 30 5b
0x00007fff201c237f:   41 5c 41 5e 41 5f 5d c3 31 c0 eb 02 b0 01 80 3d
0x00007fff201c238f:   1a 90 48 60 00 0f 84 4a fd ff ff 0f b6 d0 4c 89
0x00007fff201c239f:   ff 31 f6 e8 30 f0 01 00 e9 38 fd ff ff e8 71 fa
0x00007fff201c23af:   01 00 48 8d 3d 05 99 02 00 89 c6 31 c0 e8 36 e6
0x00007fff201c23bf:   01 00 4c 89 ff e8 2d ea 01 00 48 89 c3 65 8b 04
0x00007fff201c23cf:   25 18 00 00 00 31 c9 f0 0f b1 0d fe 8e 48 60 74
0x00007fff201c23df:   0c 48 8d 3d f5 8e 48 60 e8 b6 fb 01 00 48 89 df
0x00007fff201c23ef:   e8 e6 f9 01 00 0f 0b 90 e9 2b 40 00 00 90 90 90
0x00007fff201c23ff:   90 48 85 ff 74 76 89 f8 83 e0 01 48 85 c0 75 6c
0x00007fff201c240f:   48 8b 07 48 b9 f8 ff ff ff ff 7f 00 00 48 21 c1
0x00007fff201c241f:   48 8b 51 20 f6 c2 04 74 54 a8 01 74 6f 48 b9 00
0x00007fff201c242f:   00 00 00 00 00 80 00 48 ba 00 00 00 00 00 00 00
0x00007fff201c243f:   01 48 39 c8 72 36 48 89 c6 48 29 d6 72 17 f0 48
0x00007fff201c244f:   0f b1 37 74 22 a8 01 75 e8 31 f6 ba 01 00 00 00
0x00007fff201c245f:   e9 02 d4 01 00 48 85 c8 75 3a 48 8b 35 40 7d 48
0x00007fff201c246f:   60 ff 25 8a ad e6 66 48 39 ce 72 ee c3 f6 c2 02
0x00007fff201c247f:   74 0d 66 83 79 1c 00 79 06 f6 41 28 02 75 1f 48
0x00007fff201c248f:   8b 35 43 7c 48 60 ff 25 65 ad e6 66 f6 41 1c 01
0x00007fff201c249f:   74 b7 eb d8 be 01 00 00 00 e9 d3 5a 00 00 48 8b
0x00007fff201c24af:   05 04 f6 42 60 ff e0 90 90 90 90 90 90 90 90 e9
0x00007fff201c24bf:   04 00 00 00 90 90 90 90 55 48 89 e5 53 50 48 89
0x00007fff201c24cf:   fb f6 c3 01 75 21 48 b8 07 00 00 00 00 00 a0 00
0x00007fff201c24df:   48 23 03 48 83 f8 01 75 15 48 89 df 48 83 c4 08
0x00007fff201c24ef:   5b 5d e9 f8 f9 01 00 48 83 c4 08 5b 5d c3 48 89
0x00007fff201c24ff:   df e8 3e 00 00 00 eb e1 90 90 90 90 90 90 90 90
0x00007fff201c250f:   90 90 90 90 90 90 90 48 85 ff 74 1c 55 48 89 e5 


Stack slot to memory mapping:
stack at sp + 0 slots: 0x00007fff201e0343: _ZN19AutoreleasePoolPage12releaseUntilEPP11objc_object+0xa7 in /usr/lib/libobjc.A.dylib at 0x00007fff201ba000
stack at sp + 1 slots: 0xc60cb9af8c1c0000 is an unknown value
stack at sp + 2 slots: 0x00007f938384c000 points into unknown readable memory: 0x4f545541a1a1a1a1 | a1 a1 a1 a1 41 55 54 4f
stack at sp + 3 slots: 0x0 is NULL
stack at sp + 4 slots: 0x0000000131c56598 is pointing into metadata
stack at sp + 5 slots: 0x00007fff7bbeb857: GCC_except_table772+0x5b9fbf2f in /usr/lib/libobjc.A.dylib at 0x00007fff201ba000
stack at sp + 6 slots: 0x00007f9383810800 is a thread
stack at sp + 7 slots: 0x0000000304fc0620 is pointing into the stack for thread: 0x00007f9383810800


---------------  P R O C E S S  ---------------

Threads class SMR info:
_java_thread_list=0x00007f938253cdf0, length=13, elements={
0x00007f9383810800, 0x00007f9383845800, 0x00007f9383848000, 0x00007f9362808c00,
0x00007f936280b400, 0x00007f936280ba00, 0x00007f936280c000, 0x00007f936280c600,
0x00007f93828e5e00, 0x00007f9382910600, 0x00007f93828c3800, 0x00007f938300a600,
0x00007f938308c800
}

Java Threads: ( => current thread )
=>0x00007f9383810800 JavaThread "main" [_thread_in_native, id=7939, stack(0x0000000304ec1000,0x0000000304fc1000)]
  0x00007f9383845800 JavaThread "Reference Handler" daemon [_thread_blocked, id=43359, stack(0x00000003055d6000,0x00000003056d6000)]
  0x00007f9383848000 JavaThread "Finalizer" daemon [_thread_blocked, id=43011, stack(0x00000003056d9000,0x00000003057d9000)]
  0x00007f9362808c00 JavaThread "Signal Dispatcher" daemon [_thread_blocked, id=24067, stack(0x00000003058eb000,0x00000003059eb000)]
  0x00007f936280b400 JavaThread "Service Thread" daemon [_thread_blocked, id=40707, stack(0x00000003059ee000,0x0000000305aee000)]
  0x00007f936280ba00 JavaThread "Monitor Deflation Thread" daemon [_thread_blocked, id=40195, stack(0x0000000305af1000,0x0000000305bf1000)]
  0x00007f936280c000 JavaThread "C2 CompilerThread0" daemon [_thread_blocked, id=39683, stack(0x0000000305bf4000,0x0000000305cf4000)]
  0x00007f936280c600 JavaThread "C1 CompilerThread0" daemon [_thread_blocked, id=39171, stack(0x0000000305cf7000,0x0000000305df7000)]
  0x00007f93828e5e00 JavaThread "Sweeper thread" daemon [_thread_blocked, id=38659, stack(0x0000000305dfa000,0x0000000305efa000)]
  0x00007f9382910600 JavaThread "Notification Thread" daemon [_thread_blocked, id=25143, stack(0x0000000305efd000,0x0000000305ffd000)]
  0x00007f93828c3800 JavaThread "Common-Cleaner" daemon [_thread_blocked, id=37659, stack(0x0000000306103000,0x0000000306203000)]
  0x00007f938300a600 JavaThread "AppKit Thread" daemon [_thread_in_native, id=259, stack(0x000000030463e000,0x0000000304e3e000)]
  0x00007f938308c800 JavaThread "AWT-Shutdown" [_thread_blocked, id=44599, stack(0x0000000306206000,0x0000000306306000)]

Other Threads:
  0x00007f938243e860 VMThread "VM Thread" [stack: 0x00000003054d3000,0x00000003055d3000] [id=17155]
  0x00007f9382447810 WatcherThread [stack: 0x0000000306000000,0x0000000306100000] [id=25347]
  0x00007f938261cca0 GCTaskThread "GC Thread#0" [stack: 0x0000000304fc4000,0x00000003050c4000] [id=14083]
  0x00007f938261dc30 ConcurrentGCThread "G1 Main Marker" [stack: 0x00000003050c7000,0x00000003051c7000] [id=18691]
  0x00007f9382411890 ConcurrentGCThread "G1 Conc#0" [stack: 0x00000003051ca000,0x00000003052ca000] [id=14851]
  0x00007f938242e270 ConcurrentGCThread "G1 Refine#0" [stack: 0x00000003052cd000,0x00000003053cd000] [id=15619]
  0x00007f938242f140 ConcurrentGCThread "G1 Service" [stack: 0x00000003053d0000,0x00000003054d0000] [id=18179]

Threads with active compile tasks:

VM state: not at safepoint (normal execution)

VM Mutex/Monitor currently owned by a thread: None

Heap address: 0x0000000700000000, size: 4096 MB, Compressed Oops mode: Zero based, Oop shift amount: 3
CDS archive(s) mapped at: [0x0000000800000000-0x0000000800bba000-0x0000000800bba000), size 12296192, SharedBaseAddress: 0x0000000800000000, ArchiveRelocationMode: 0.
Compressed class space mapped at: 0x0000000800c00000-0x0000000840c00000, reserved size: 1073741824
Narrow klass base: 0x0000000800000000, Narrow klass shift: 3, Narrow klass range: 0x100000000

GC Precious Log:
 CPUs: 8 total, 8 available
 Memory: 16384M
 Large Page Support: Disabled
 NUMA Support: Disabled
 Compressed Oops: Enabled (Zero based)
 Heap Region Size: 2M
 Heap Min Capacity: 8M
 Heap Initial Capacity: 256M
 Heap Max Capacity: 4G
 Pre-touch: Disabled
 Parallel Workers: 8
 Concurrent Workers: 2
 Concurrent Refinement Workers: 8
 Periodic GC: Disabled

Heap:
 garbage-first heap   total 266240K, used 4040K [0x0000000700000000, 0x0000000800000000)
  region size 2048K, 2 young (4096K), 0 survivors (0K)
 Metaspace       used 1840K, committed 1920K, reserved 1056768K
  class space    used 160K, committed 192K, reserved 1048576K

Heap Regions: E=young(eden), S=young(survivor), O=old, HS=humongous(starts), HC=humongous(continues), CS=collection set, F=free, OA=open archive, CA=closed archive, TAMS=top-at-mark-start (previous, next)
|   0|0x0000000700000000, 0x0000000700000000, 0x0000000700200000|  0%| F|  |TAMS 0x0000000700000000, 0x0000000700000000| Untracked 
|   1|0x0000000700200000, 0x0000000700200000, 0x0000000700400000|  0%| F|  |TAMS 0x0000000700200000, 0x0000000700200000| Untracked 
|   2|0x0000000700400000, 0x0000000700400000, 0x0000000700600000|  0%| F|  |TAMS 0x0000000700400000, 0x0000000700400000| Untracked 
|   3|0x0000000700600000, 0x0000000700600000, 0x0000000700800000|  0%| F|  |TAMS 0x0000000700600000, 0x0000000700600000| Untracked 
|   4|0x0000000700800000, 0x0000000700800000, 0x0000000700a00000|  0%| F|  |TAMS 0x0000000700800000, 0x0000000700800000| Untracked 
|   5|0x0000000700a00000, 0x0000000700a00000, 0x0000000700c00000|  0%| F|  |TAMS 0x0000000700a00000, 0x0000000700a00000| Untracked 
|   6|0x0000000700c00000, 0x0000000700c00000, 0x0000000700e00000|  0%| F|  |TAMS 0x0000000700c00000, 0x0000000700c00000| Untracked 
|   7|0x0000000700e00000, 0x0000000700e00000, 0x0000000701000000|  0%| F|  |TAMS 0x0000000700e00000, 0x0000000700e00000| Untracked 
|   8|0x0000000701000000, 0x0000000701000000, 0x0000000701200000|  0%| F|  |TAMS 0x0000000701000000, 0x0000000701000000| Untracked 
|   9|0x0000000701200000, 0x0000000701200000, 0x0000000701400000|  0%| F|  |TAMS 0x0000000701200000, 0x0000000701200000| Untracked 
|  10|0x0000000701400000, 0x0000000701400000, 0x0000000701600000|  0%| F|  |TAMS 0x0000000701400000, 0x0000000701400000| Untracked 
|  11|0x0000000701600000, 0x0000000701600000, 0x0000000701800000|  0%| F|  |TAMS 0x0000000701600000, 0x0000000701600000| Untracked 
|  12|0x0000000701800000, 0x0000000701800000, 0x0000000701a00000|  0%| F|  |TAMS 0x0000000701800000, 0x0000000701800000| Untracked 
|  13|0x0000000701a00000, 0x0000000701a00000, 0x0000000701c00000|  0%| F|  |TAMS 0x0000000701a00000, 0x0000000701a00000| Untracked 
|  14|0x0000000701c00000, 0x0000000701c00000, 0x0000000701e00000|  0%| F|  |TAMS 0x0000000701c00000, 0x0000000701c00000| Untracked 
|  15|0x0000000701e00000, 0x0000000701e00000, 0x0000000702000000|  0%| F|  |TAMS 0x0000000701e00000, 0x0000000701e00000| Untracked 
|  16|0x0000000702000000, 0x0000000702000000, 0x0000000702200000|  0%| F|  |TAMS 0x0000000702000000, 0x0000000702000000| Untracked 
|  17|0x0000000702200000, 0x0000000702200000, 0x0000000702400000|  0%| F|  |TAMS 0x0000000702200000, 0x0000000702200000| Untracked 
|  18|0x0000000702400000, 0x0000000702400000, 0x0000000702600000|  0%| F|  |TAMS 0x0000000702400000, 0x0000000702400000| Untracked 
|  19|0x0000000702600000, 0x0000000702600000, 0x0000000702800000|  0%| F|  |TAMS 0x0000000702600000, 0x0000000702600000| Untracked 
|  20|0x0000000702800000, 0x0000000702800000, 0x0000000702a00000|  0%| F|  |TAMS 0x0000000702800000, 0x0000000702800000| Untracked 
|  21|0x0000000702a00000, 0x0000000702a00000, 0x0000000702c00000|  0%| F|  |TAMS 0x0000000702a00000, 0x0000000702a00000| Untracked 
|  22|0x0000000702c00000, 0x0000000702c00000, 0x0000000702e00000|  0%| F|  |TAMS 0x0000000702c00000, 0x0000000702c00000| Untracked 
|  23|0x0000000702e00000, 0x0000000702e00000, 0x0000000703000000|  0%| F|  |TAMS 0x0000000702e00000, 0x0000000702e00000| Untracked 
|  24|0x0000000703000000, 0x0000000703000000, 0x0000000703200000|  0%| F|  |TAMS 0x0000000703000000, 0x0000000703000000| Untracked 
|  25|0x0000000703200000, 0x0000000703200000, 0x0000000703400000|  0%| F|  |TAMS 0x0000000703200000, 0x0000000703200000| Untracked 
|  26|0x0000000703400000, 0x0000000703400000, 0x0000000703600000|  0%| F|  |TAMS 0x0000000703400000, 0x0000000703400000| Untracked 
|  27|0x0000000703600000, 0x0000000703600000, 0x0000000703800000|  0%| F|  |TAMS 0x0000000703600000, 0x0000000703600000| Untracked 
|  28|0x0000000703800000, 0x0000000703800000, 0x0000000703a00000|  0%| F|  |TAMS 0x0000000703800000, 0x0000000703800000| Untracked 
|  29|0x0000000703a00000, 0x0000000703a00000, 0x0000000703c00000|  0%| F|  |TAMS 0x0000000703a00000, 0x0000000703a00000| Untracked 
|  30|0x0000000703c00000, 0x0000000703c00000, 0x0000000703e00000|  0%| F|  |TAMS 0x0000000703c00000, 0x0000000703c00000| Untracked 
|  31|0x0000000703e00000, 0x0000000703e00000, 0x0000000704000000|  0%| F|  |TAMS 0x0000000703e00000, 0x0000000703e00000| Untracked 
|  32|0x0000000704000000, 0x0000000704000000, 0x0000000704200000|  0%| F|  |TAMS 0x0000000704000000, 0x0000000704000000| Untracked 
|  33|0x0000000704200000, 0x0000000704200000, 0x0000000704400000|  0%| F|  |TAMS 0x0000000704200000, 0x0000000704200000| Untracked 
|  34|0x0000000704400000, 0x0000000704400000, 0x0000000704600000|  0%| F|  |TAMS 0x0000000704400000, 0x0000000704400000| Untracked 
|  35|0x0000000704600000, 0x0000000704600000, 0x0000000704800000|  0%| F|  |TAMS 0x0000000704600000, 0x0000000704600000| Untracked 
|  36|0x0000000704800000, 0x0000000704800000, 0x0000000704a00000|  0%| F|  |TAMS 0x0000000704800000, 0x0000000704800000| Untracked 
|  37|0x0000000704a00000, 0x0000000704a00000, 0x0000000704c00000|  0%| F|  |TAMS 0x0000000704a00000, 0x0000000704a00000| Untracked 
|  38|0x0000000704c00000, 0x0000000704c00000, 0x0000000704e00000|  0%| F|  |TAMS 0x0000000704c00000, 0x0000000704c00000| Untracked 
|  39|0x0000000704e00000, 0x0000000704e00000, 0x0000000705000000|  0%| F|  |TAMS 0x0000000704e00000, 0x0000000704e00000| Untracked 
|  40|0x0000000705000000, 0x0000000705000000, 0x0000000705200000|  0%| F|  |TAMS 0x0000000705000000, 0x0000000705000000| Untracked 
|  41|0x0000000705200000, 0x0000000705200000, 0x0000000705400000|  0%| F|  |TAMS 0x0000000705200000, 0x0000000705200000| Untracked 
|  42|0x0000000705400000, 0x0000000705400000, 0x0000000705600000|  0%| F|  |TAMS 0x0000000705400000, 0x0000000705400000| Untracked 
|  43|0x0000000705600000, 0x0000000705600000, 0x0000000705800000|  0%| F|  |TAMS 0x0000000705600000, 0x0000000705600000| Untracked 
|  44|0x0000000705800000, 0x0000000705800000, 0x0000000705a00000|  0%| F|  |TAMS 0x0000000705800000, 0x0000000705800000| Untracked 
|  45|0x0000000705a00000, 0x0000000705a00000, 0x0000000705c00000|  0%| F|  |TAMS 0x0000000705a00000, 0x0000000705a00000| Untracked 
|  46|0x0000000705c00000, 0x0000000705c00000, 0x0000000705e00000|  0%| F|  |TAMS 0x0000000705c00000, 0x0000000705c00000| Untracked 
|  47|0x0000000705e00000, 0x0000000705e00000, 0x0000000706000000|  0%| F|  |TAMS 0x0000000705e00000, 0x0000000705e00000| Untracked 
|  48|0x0000000706000000, 0x0000000706000000, 0x0000000706200000|  0%| F|  |TAMS 0x0000000706000000, 0x0000000706000000| Untracked 
|  49|0x0000000706200000, 0x0000000706200000, 0x0000000706400000|  0%| F|  |TAMS 0x0000000706200000, 0x0000000706200000| Untracked 
|  50|0x0000000706400000, 0x0000000706400000, 0x0000000706600000|  0%| F|  |TAMS 0x0000000706400000, 0x0000000706400000| Untracked 
|  51|0x0000000706600000, 0x0000000706600000, 0x0000000706800000|  0%| F|  |TAMS 0x0000000706600000, 0x0000000706600000| Untracked 
|  52|0x0000000706800000, 0x0000000706800000, 0x0000000706a00000|  0%| F|  |TAMS 0x0000000706800000, 0x0000000706800000| Untracked 
|  53|0x0000000706a00000, 0x0000000706a00000, 0x0000000706c00000|  0%| F|  |TAMS 0x0000000706a00000, 0x0000000706a00000| Untracked 
|  54|0x0000000706c00000, 0x0000000706c00000, 0x0000000706e00000|  0%| F|  |TAMS 0x0000000706c00000, 0x0000000706c00000| Untracked 
|  55|0x0000000706e00000, 0x0000000706e00000, 0x0000000707000000|  0%| F|  |TAMS 0x0000000706e00000, 0x0000000706e00000| Untracked 
|  56|0x0000000707000000, 0x0000000707000000, 0x0000000707200000|  0%| F|  |TAMS 0x0000000707000000, 0x0000000707000000| Untracked 
|  57|0x0000000707200000, 0x0000000707200000, 0x0000000707400000|  0%| F|  |TAMS 0x0000000707200000, 0x0000000707200000| Untracked 
|  58|0x0000000707400000, 0x0000000707400000, 0x0000000707600000|  0%| F|  |TAMS 0x0000000707400000, 0x0000000707400000| Untracked 
|  59|0x0000000707600000, 0x0000000707600000, 0x0000000707800000|  0%| F|  |TAMS 0x0000000707600000, 0x0000000707600000| Untracked 
|  60|0x0000000707800000, 0x0000000707800000, 0x0000000707a00000|  0%| F|  |TAMS 0x0000000707800000, 0x0000000707800000| Untracked 
|  61|0x0000000707a00000, 0x0000000707a00000, 0x0000000707c00000|  0%| F|  |TAMS 0x0000000707a00000, 0x0000000707a00000| Untracked 
|  62|0x0000000707c00000, 0x0000000707c00000, 0x0000000707e00000|  0%| F|  |TAMS 0x0000000707c00000, 0x0000000707c00000| Untracked 
|  63|0x0000000707e00000, 0x0000000707e00000, 0x0000000708000000|  0%| F|  |TAMS 0x0000000707e00000, 0x0000000707e00000| Untracked 
|  64|0x0000000708000000, 0x0000000708000000, 0x0000000708200000|  0%| F|  |TAMS 0x0000000708000000, 0x0000000708000000| Untracked 
|  65|0x0000000708200000, 0x0000000708200000, 0x0000000708400000|  0%| F|  |TAMS 0x0000000708200000, 0x0000000708200000| Untracked 
|  66|0x0000000708400000, 0x0000000708400000, 0x0000000708600000|  0%| F|  |TAMS 0x0000000708400000, 0x0000000708400000| Untracked 
|  67|0x0000000708600000, 0x0000000708600000, 0x0000000708800000|  0%| F|  |TAMS 0x0000000708600000, 0x0000000708600000| Untracked 
|  68|0x0000000708800000, 0x0000000708800000, 0x0000000708a00000|  0%| F|  |TAMS 0x0000000708800000, 0x0000000708800000| Untracked 
|  69|0x0000000708a00000, 0x0000000708a00000, 0x0000000708c00000|  0%| F|  |TAMS 0x0000000708a00000, 0x0000000708a00000| Untracked 
|  70|0x0000000708c00000, 0x0000000708c00000, 0x0000000708e00000|  0%| F|  |TAMS 0x0000000708c00000, 0x0000000708c00000| Untracked 
|  71|0x0000000708e00000, 0x0000000708e00000, 0x0000000709000000|  0%| F|  |TAMS 0x0000000708e00000, 0x0000000708e00000| Untracked 
|  72|0x0000000709000000, 0x0000000709000000, 0x0000000709200000|  0%| F|  |TAMS 0x0000000709000000, 0x0000000709000000| Untracked 
|  73|0x0000000709200000, 0x0000000709200000, 0x0000000709400000|  0%| F|  |TAMS 0x0000000709200000, 0x0000000709200000| Untracked 
|  74|0x0000000709400000, 0x0000000709400000, 0x0000000709600000|  0%| F|  |TAMS 0x0000000709400000, 0x0000000709400000| Untracked 
|  75|0x0000000709600000, 0x0000000709600000, 0x0000000709800000|  0%| F|  |TAMS 0x0000000709600000, 0x0000000709600000| Untracked 
|  76|0x0000000709800000, 0x0000000709800000, 0x0000000709a00000|  0%| F|  |TAMS 0x0000000709800000, 0x0000000709800000| Untracked 
|  77|0x0000000709a00000, 0x0000000709a00000, 0x0000000709c00000|  0%| F|  |TAMS 0x0000000709a00000, 0x0000000709a00000| Untracked 
|  78|0x0000000709c00000, 0x0000000709c00000, 0x0000000709e00000|  0%| F|  |TAMS 0x0000000709c00000, 0x0000000709c00000| Untracked 
|  79|0x0000000709e00000, 0x0000000709e00000, 0x000000070a000000|  0%| F|  |TAMS 0x0000000709e00000, 0x0000000709e00000| Untracked 
|  80|0x000000070a000000, 0x000000070a000000, 0x000000070a200000|  0%| F|  |TAMS 0x000000070a000000, 0x000000070a000000| Untracked 
|  81|0x000000070a200000, 0x000000070a200000, 0x000000070a400000|  0%| F|  |TAMS 0x000000070a200000, 0x000000070a200000| Untracked 
|  82|0x000000070a400000, 0x000000070a400000, 0x000000070a600000|  0%| F|  |TAMS 0x000000070a400000, 0x000000070a400000| Untracked 
|  83|0x000000070a600000, 0x000000070a600000, 0x000000070a800000|  0%| F|  |TAMS 0x000000070a600000, 0x000000070a600000| Untracked 
|  84|0x000000070a800000, 0x000000070a800000, 0x000000070aa00000|  0%| F|  |TAMS 0x000000070a800000, 0x000000070a800000| Untracked 
|  85|0x000000070aa00000, 0x000000070aa00000, 0x000000070ac00000|  0%| F|  |TAMS 0x000000070aa00000, 0x000000070aa00000| Untracked 
|  86|0x000000070ac00000, 0x000000070ac00000, 0x000000070ae00000|  0%| F|  |TAMS 0x000000070ac00000, 0x000000070ac00000| Untracked 
|  87|0x000000070ae00000, 0x000000070ae00000, 0x000000070b000000|  0%| F|  |TAMS 0x000000070ae00000, 0x000000070ae00000| Untracked 
|  88|0x000000070b000000, 0x000000070b000000, 0x000000070b200000|  0%| F|  |TAMS 0x000000070b000000, 0x000000070b000000| Untracked 
|  89|0x000000070b200000, 0x000000070b200000, 0x000000070b400000|  0%| F|  |TAMS 0x000000070b200000, 0x000000070b200000| Untracked 
|  90|0x000000070b400000, 0x000000070b400000, 0x000000070b600000|  0%| F|  |TAMS 0x000000070b400000, 0x000000070b400000| Untracked 
|  91|0x000000070b600000, 0x000000070b600000, 0x000000070b800000|  0%| F|  |TAMS 0x000000070b600000, 0x000000070b600000| Untracked 
|  92|0x000000070b800000, 0x000000070b800000, 0x000000070ba00000|  0%| F|  |TAMS 0x000000070b800000, 0x000000070b800000| Untracked 
|  93|0x000000070ba00000, 0x000000070ba00000, 0x000000070bc00000|  0%| F|  |TAMS 0x000000070ba00000, 0x000000070ba00000| Untracked 
|  94|0x000000070bc00000, 0x000000070bc00000, 0x000000070be00000|  0%| F|  |TAMS 0x000000070bc00000, 0x000000070bc00000| Untracked 
|  95|0x000000070be00000, 0x000000070be00000, 0x000000070c000000|  0%| F|  |TAMS 0x000000070be00000, 0x000000070be00000| Untracked 
|  96|0x000000070c000000, 0x000000070c000000, 0x000000070c200000|  0%| F|  |TAMS 0x000000070c000000, 0x000000070c000000| Untracked 
|  97|0x000000070c200000, 0x000000070c200000, 0x000000070c400000|  0%| F|  |TAMS 0x000000070c200000, 0x000000070c200000| Untracked 
|  98|0x000000070c400000, 0x000000070c400000, 0x000000070c600000|  0%| F|  |TAMS 0x000000070c400000, 0x000000070c400000| Untracked 
|  99|0x000000070c600000, 0x000000070c600000, 0x000000070c800000|  0%| F|  |TAMS 0x000000070c600000, 0x000000070c600000| Untracked 
| 100|0x000000070c800000, 0x000000070c800000, 0x000000070ca00000|  0%| F|  |TAMS 0x000000070c800000, 0x000000070c800000| Untracked 
| 101|0x000000070ca00000, 0x000000070ca00000, 0x000000070cc00000|  0%| F|  |TAMS 0x000000070ca00000, 0x000000070ca00000| Untracked 
| 102|0x000000070cc00000, 0x000000070cc00000, 0x000000070ce00000|  0%| F|  |TAMS 0x000000070cc00000, 0x000000070cc00000| Untracked 
| 103|0x000000070ce00000, 0x000000070ce00000, 0x000000070d000000|  0%| F|  |TAMS 0x000000070ce00000, 0x000000070ce00000| Untracked 
| 104|0x000000070d000000, 0x000000070d000000, 0x000000070d200000|  0%| F|  |TAMS 0x000000070d000000, 0x000000070d000000| Untracked 
| 105|0x000000070d200000, 0x000000070d200000, 0x000000070d400000|  0%| F|  |TAMS 0x000000070d200000, 0x000000070d200000| Untracked 
| 106|0x000000070d400000, 0x000000070d400000, 0x000000070d600000|  0%| F|  |TAMS 0x000000070d400000, 0x000000070d400000| Untracked 
| 107|0x000000070d600000, 0x000000070d600000, 0x000000070d800000|  0%| F|  |TAMS 0x000000070d600000, 0x000000070d600000| Untracked 
| 108|0x000000070d800000, 0x000000070d800000, 0x000000070da00000|  0%| F|  |TAMS 0x000000070d800000, 0x000000070d800000| Untracked 
| 109|0x000000070da00000, 0x000000070da00000, 0x000000070dc00000|  0%| F|  |TAMS 0x000000070da00000, 0x000000070da00000| Untracked 
| 110|0x000000070dc00000, 0x000000070dc00000, 0x000000070de00000|  0%| F|  |TAMS 0x000000070dc00000, 0x000000070dc00000| Untracked 
| 111|0x000000070de00000, 0x000000070de00000, 0x000000070e000000|  0%| F|  |TAMS 0x000000070de00000, 0x000000070de00000| Untracked 
| 112|0x000000070e000000, 0x000000070e000000, 0x000000070e200000|  0%| F|  |TAMS 0x000000070e000000, 0x000000070e000000| Untracked 
| 113|0x000000070e200000, 0x000000070e200000, 0x000000070e400000|  0%| F|  |TAMS 0x000000070e200000, 0x000000070e200000| Untracked 
| 114|0x000000070e400000, 0x000000070e400000, 0x000000070e600000|  0%| F|  |TAMS 0x000000070e400000, 0x000000070e400000| Untracked 
| 115|0x000000070e600000, 0x000000070e600000, 0x000000070e800000|  0%| F|  |TAMS 0x000000070e600000, 0x000000070e600000| Untracked 
| 116|0x000000070e800000, 0x000000070e800000, 0x000000070ea00000|  0%| F|  |TAMS 0x000000070e800000, 0x000000070e800000| Untracked 
| 117|0x000000070ea00000, 0x000000070ea00000, 0x000000070ec00000|  0%| F|  |TAMS 0x000000070ea00000, 0x000000070ea00000| Untracked 
| 118|0x000000070ec00000, 0x000000070ec00000, 0x000000070ee00000|  0%| F|  |TAMS 0x000000070ec00000, 0x000000070ec00000| Untracked 
| 119|0x000000070ee00000, 0x000000070ee00000, 0x000000070f000000|  0%| F|  |TAMS 0x000000070ee00000, 0x000000070ee00000| Untracked 
| 120|0x000000070f000000, 0x000000070f000000, 0x000000070f200000|  0%| F|  |TAMS 0x000000070f000000, 0x000000070f000000| Untracked 
| 121|0x000000070f200000, 0x000000070f200000, 0x000000070f400000|  0%| F|  |TAMS 0x000000070f200000, 0x000000070f200000| Untracked 
| 122|0x000000070f400000, 0x000000070f400000, 0x000000070f600000|  0%| F|  |TAMS 0x000000070f400000, 0x000000070f400000| Untracked 
| 123|0x000000070f600000, 0x000000070f600000, 0x000000070f800000|  0%| F|  |TAMS 0x000000070f600000, 0x000000070f600000| Untracked 
| 124|0x000000070f800000, 0x000000070f800000, 0x000000070fa00000|  0%| F|  |TAMS 0x000000070f800000, 0x000000070f800000| Untracked 
| 125|0x000000070fa00000, 0x000000070fa00000, 0x000000070fc00000|  0%| F|  |TAMS 0x000000070fa00000, 0x000000070fa00000| Untracked 
| 126|0x000000070fc00000, 0x000000070fd53460, 0x000000070fe00000| 66%| E|  |TAMS 0x000000070fc00000, 0x000000070fc00000| Complete 
| 127|0x000000070fe00000, 0x0000000710000000, 0x0000000710000000|100%| E|CS|TAMS 0x000000070fe00000, 0x000000070fe00000| Complete 
|1534|0x00000007bfc00000, 0x00000007bfd75000, 0x00000007bfe00000| 72%|OA|  |TAMS 0x00000007bfc00000, 0x00000007bfc00000| Untracked 
|1535|0x00000007bfe00000, 0x00000007bfe7d000, 0x00000007c0000000| 24%|CA|  |TAMS 0x00000007bfe00000, 0x00000007bfe00000| Untracked 

Card table byte_map: [0x0000000126694000,0x0000000126e94000] _byte_map_base: 0x0000000122e94000

Marking Bits (Prev, Next): (CMBitMap*) 0x00007f9383835010, (CMBitMap*) 0x00007f9383835050
 Prev Bits: [0x0000000127694000, 0x000000012b694000)
 Next Bits: [0x000000012b694000, 0x000000012f694000)

Polling page: 0x0000000100607000

Metaspace:

Usage:
  Non-class:      1.64 MB used.
      Class:    160.80 KB used.
       Both:      1.80 MB used.

Virtual space:
  Non-class space:        8.00 MB reserved,       1.69 MB ( 21%) committed,  1 nodes.
      Class space:        1.00 GB reserved,     192.00 KB ( <1%) committed,  1 nodes.
              Both:        1.01 GB reserved,       1.88 MB ( <1%) committed. 

Chunk freelists:
   Non-Class:  3.64 MB
       Class:  3.69 MB
        Both:  7.33 MB

MaxMetaspaceSize: 17179869184.00 GB
CompressedClassSpaceSize: 1.00 GB
 - commit_granule_bytes: 65536.
 - commit_granule_words: 8192.
 - virtual_space_node_default_size: 1048576.
 - enlarge_chunks_in_place: 1.
 - new_chunks_are_fully_committed: 0.
 - uncommit_free_chunks: 1.
 - use_allocation_guard: 0.
 - handle_deallocations: 1.


Internal statistics:

num_allocs_failed_limit: 0.
num_arena_births: 50.
num_arena_deaths: 0.
num_vsnodes_births: 2.
num_vsnodes_deaths: 0.
num_space_committed: 30.
num_space_uncommitted: 0.
num_chunks_returned_to_freelist: 0.
num_chunks_taken_from_freelist: 78.
num_chunk_merges: 0.
num_chunk_splits: 49.
num_chunks_enlarged: 28.
num_purges: 0.

CodeHeap 'non-profiled nmethods': size=120028Kb used=97Kb max_used=97Kb free=119930Kb
 bounds [0x000000011e95d000, 0x000000011ebcd000, 0x0000000125e94000]
CodeHeap 'profiled nmethods': size=120028Kb used=410Kb max_used=410Kb free=119617Kb
 bounds [0x0000000117426000, 0x0000000117696000, 0x000000011e95d000]
CodeHeap 'non-nmethods': size=5704Kb used=1120Kb max_used=1134Kb free=4583Kb
 bounds [0x0000000116e94000, 0x0000000117104000, 0x0000000117426000]
 total_blobs=709 nmethods=308 adapters=316
 compilation: enabled
              stopped_count=0, restarted_count=0
 full_count=0

Compilation events (20 events):
Event: 0.397 Thread 0x00007f936280c600 nmethod 299 0x000000011748af90 code [0x000000011748b120, 0x000000011748b230]
Event: 0.397 Thread 0x00007f936280c600  300       1       java.lang.reflect.Field::getRoot (5 bytes)
Event: 0.397 Thread 0x00007f936280c600 nmethod 300 0x000000011e974690 code [0x000000011e974820, 0x000000011e9748f0]
Event: 0.398 Thread 0x00007f936280c600  302       1       java.lang.reflect.Method::getName (5 bytes)
Event: 0.398 Thread 0x00007f936280c600 nmethod 302 0x000000011e974990 code [0x000000011e974b20, 0x000000011e974bf0]
Event: 0.398 Thread 0x00007f936280c600  303       1       java.net.URL::getUserInfo (5 bytes)
Event: 0.398 Thread 0x00007f936280c600 nmethod 303 0x000000011e974c90 code [0x000000011e974e20, 0x000000011e974ef0]
Event: 0.400 Thread 0x00007f936280c000 nmethod 301 0x000000011e974f90 code [0x000000011e975120, 0x000000011e975318]
Event: 0.401 Thread 0x00007f936280c600  304       3       java.lang.Integer::valueOf (32 bytes)
Event: 0.401 Thread 0x00007f936280c600 nmethod 304 0x000000011748b290 code [0x000000011748b460, 0x000000011748b790]
Event: 0.401 Thread 0x00007f936280c600  305       3       java.nio.Buffer::remaining (20 bytes)
Event: 0.401 Thread 0x00007f936280c600 nmethod 305 0x000000011748b910 code [0x000000011748bac0, 0x000000011748bc50]
Event: 0.401 Thread 0x00007f936280c600  306       3       java.nio.Buffer::limit (65 bytes)
Event: 0.401 Thread 0x00007f936280c600 nmethod 306 0x000000011748bd10 code [0x000000011748bec0, 0x000000011748c180]
Event: 0.402 Thread 0x00007f936280c600  307       3       java.util.zip.Inflater::ensureOpen (47 bytes)
Event: 0.402 Thread 0x00007f936280c600 nmethod 307 0x000000011748c290 code [0x000000011748c440, 0x000000011748c6a0]
Event: 0.402 Thread 0x00007f936280c600  308       3       java.util.zip.ZipFile$Source::getEntryHash (7 bytes)
Event: 0.402 Thread 0x00007f936280c600 nmethod 308 0x000000011748c790 code [0x000000011748c920, 0x000000011748ca50]
Event: 0.402 Thread 0x00007f936280c600  309       1       java.security.CodeSource::getLocation (5 bytes)
Event: 0.402 Thread 0x00007f936280c600 nmethod 309 0x000000011e975490 code [0x000000011e975620, 0x000000011e9756f0]

GC Heap History (0 events):
No events

Deoptimization events (0 events):
No events

Classes unloaded (0 events):
No events

Classes redefined (0 events):
No events

Internal exceptions (7 events):
Event: 0.102 Thread 0x00007f9383810800 Exception <a 'java/lang/ClassNotFoundException'{0x000000070ff151f0}: sun/awt/resources/spi/awtProvider> (0x000000070ff151f0) 
thrown [./open/src/hotspot/share/classfile/systemDictionary.cpp, line 256]
Event: 0.138 Thread 0x00007f9383810800 Exception <a 'java/io/FileNotFoundException'{0x000000070ff6b338}> (0x000000070ff6b338) 
thrown [./open/src/hotspot/share/prims/jni.cpp, line 579]
Event: 0.161 Thread 0x00007f9383810800 Exception <a 'java/io/FileNotFoundException'{0x000000070ff999a8}> (0x000000070ff999a8) 
thrown [./open/src/hotspot/share/prims/jni.cpp, line 579]
Event: 0.162 Thread 0x00007f9383810800 Exception <a 'java/lang/NoSuchMethodError'{0x000000070ff9aad8}: 'java.lang.Object java.lang.invoke.DirectMethodHandle$Holder.invokeStatic(java.lang.Object)'> (0x000000070ff9aad8) 
thrown [./open/src/hotspot/share/interpreter/linkResolver.cpp, line 790]
Event: 0.162 Thread 0x00007f9383810800 Exception <a 'java/lang/NoSuchMethodError'{0x000000070ff9e2c0}: 'java.lang.Object java.lang.invoke.DirectMethodHandle$Holder.invokeStaticInit(java.lang.Object)'> (0x000000070ff9e2c0) 
thrown [./open/src/hotspot/share/interpreter/linkResolver.cpp, line 790]
Event: 0.166 Thread 0x00007f9383810800 Exception <a 'java/lang/ClassNotFoundException'{0x000000070ffa7f08}: sun/awt/resources/spi/awtosxProvider> (0x000000070ffa7f08) 
thrown [./open/src/hotspot/share/classfile/systemDictionary.cpp, line 256]
Event: 0.171 Thread 0x00007f9383810800 Exception <a 'java/lang/NoSuchMethodError'{0x000000070ffaed78}: 'void java.lang.invoke.DirectMethodHandle$Holder.invokeSpecial(java.lang.Object, java.lang.Object, java.lang.Object)'> (0x000000070ffaed78) 
thrown [./open/src/hotspot/share/interpreter/linkResolver.cpp, line 790]

Events (20 events):
Event: 0.384 loading class java/awt/image/BufferedImage
Event: 0.384 loading class java/awt/image/WritableRenderedImage
Event: 0.384 loading class java/awt/image/RenderedImage
Event: 0.384 loading class java/awt/image/RenderedImage done
Event: 0.384 loading class java/awt/image/WritableRenderedImage done
Event: 0.384 loading class java/awt/Transparency
Event: 0.384 loading class java/awt/Transparency done
Event: 0.384 loading class java/awt/image/BufferedImage done
Event: 0.384 loading class java/awt/IllegalComponentStateException
Event: 0.384 loading class java/awt/IllegalComponentStateException done
Event: 0.384 loading class java/awt/GraphicsConfiguration
Event: 0.384 loading class java/awt/GraphicsConfiguration done
Event: 0.384 loading class java/awt/Point
Event: 0.384 loading class java/awt/geom/Point2D
Event: 0.384 loading class java/awt/geom/Point2D done
Event: 0.385 loading class java/awt/Point done
Event: 0.391 loading class jdk/internal/reflect/UnsafeQualifiedStaticIntegerFieldAccessorImpl
Event: 0.391 loading class jdk/internal/reflect/UnsafeQualifiedStaticIntegerFieldAccessorImpl done
Event: 0.403 loading class java/lang/NumberFormatException
Event: 0.403 loading class java/lang/NumberFormatException done


Dynamic libraries:
0x00007ffdffce0000 	/Library/Apple/usr/libexec/oah/runtime
0x00007fff2a59f000 	/usr/lib/libz.1.dylib
0x00000001088a8000 	/Library/Java/JavaVirtualMachines/jdk-16.jdk/Contents/Home/lib/libjli.dylib
0x00007fff35106000 	/System/Library/Frameworks/Cocoa.framework/Versions/A/Cocoa
0x00007fff220d8000 	/System/Library/Frameworks/Security.framework/Versions/A/Security
0x00007fff33313000 	/System/Library/Frameworks/ApplicationServices.framework/Versions/A/ApplicationServices
0x00007fff2a66b000 	/usr/lib/libSystem.B.dylib
0x00007fff2a665000 	/usr/lib/system/libcache.dylib
0x00007fff2a621000 	/usr/lib/system/libcommonCrypto.dylib
0x00007fff2a64b000 	/usr/lib/system/libcompiler_rt.dylib
0x00007fff2a640000 	/usr/lib/system/libcopyfile.dylib
0x00007fff200aa000 	/usr/lib/system/libcorecrypto.dylib
0x00007fff20175000 	/usr/lib/system/libdispatch.dylib
0x00007fff20328000 	/usr/lib/system/libdyld.dylib
0x00007fff2a65c000 	/usr/lib/system/libkeymgr.dylib
0x00007fff2dbc7000 	/usr/lib/system/liblaunch.dylib
0x00007fff2a5ff000 	/usr/lib/system/libmacho.dylib
0x00007fff29df3000 	/usr/lib/system/libquarantine.dylib
0x00007fff2a659000 	/usr/lib/system/libremovefile.dylib
0x00007fff24aae000 	/usr/lib/system/libsystem_asl.dylib
0x00007fff2005a000 	/usr/lib/system/libsystem_blocks.dylib
0x00007fff201f7000 	/usr/lib/system/libsystem_c.dylib
0x00007fff2a653000 	/usr/lib/system/libsystem_collections.dylib
0x00007fff291eb000 	/usr/lib/system/libsystem_configuration.dylib
0x00007fff284cf000 	/usr/lib/system/libsystem_containermanager.dylib
0x00007fff2a39e000 	/usr/lib/system/libsystem_coreservices.dylib
0x00007fff2268d000 	/usr/lib/system/libsystem_darwin.dylib
0x00007fff2a65d000 	/usr/lib/system/libsystem_dnssd.dylib
0x00007fff201f4000 	/usr/lib/system/libsystem_featureflags.dylib
0x00007fff2036e000 	/usr/lib/system/libsystem_info.dylib
0x00007fff2a5b2000 	/usr/lib/system/libsystem_m.dylib
0x00007fff20148000 	/usr/lib/system/libsystem_malloc.dylib
0x00007fff24a41000 	/usr/lib/system/libsystem_networkextension.dylib
0x00007fff22aac000 	/usr/lib/system/libsystem_notify.dylib
0x00007fff30056000 	/usr/lib/system/libsystem_product_info_filter.dylib
0x00007fff291ef000 	/usr/lib/system/libsystem_sandbox.dylib
0x00007fff2a656000 	/usr/lib/system/libsystem_secinit.dylib
0x00007fff202ec000 	/usr/lib/system/libsystem_kernel.dylib
0x00007fff20364000 	/usr/lib/system/libsystem_platform.dylib
0x00007fff2031c000 	/usr/lib/system/libsystem_pthread.dylib
0x00007fff261bd000 	/usr/lib/system/libsystem_symptoms.dylib
0x00007fff20092000 	/usr/lib/system/libsystem_trace.dylib
0x00007fff2a62d000 	/usr/lib/system/libunwind.dylib
0x00007fff2005c000 	/usr/lib/system/libxpc.dylib
0x00007fff202d6000 	/usr/lib/libc++abi.dylib
0x00007fff201ba000 	/usr/lib/libobjc.A.dylib
0x00007fff2a638000 	/usr/lib/liboah.dylib
0x00007fff20280000 	/usr/lib/libc++.1.dylib
0x00007fff2039a000 	/System/Library/Frameworks/CoreFoundation.framework/Versions/A/CoreFoundation
0x00007fff21071000 	/System/Library/Frameworks/Foundation.framework/Versions/C/Foundation
0x00007fff22b06000 	/System/Library/Frameworks/AppKit.framework/Versions/C/AppKit
0x00007fff259ed000 	/System/Library/Frameworks/CoreData.framework/Versions/A/CoreData
0x00007fff2384f000 	/System/Library/PrivateFrameworks/UIFoundation.framework/Versions/A/UIFoundation
0x00007fff2fde9000 	/System/Library/PrivateFrameworks/RemoteViewServices.framework/Versions/A/RemoteViewServices
0x00007fff28b99000 	/System/Library/PrivateFrameworks/XCTTargetBootstrap.framework/Versions/A/XCTTargetBootstrap
0x00007fff2b8eb000 	/usr/lib/libspindump.dylib
0x00007fff23a9e000 	/System/Library/Frameworks/UniformTypeIdentifiers.framework/Versions/A/UniformTypeIdentifiers
0x00007fff27399000 	/usr/lib/libapp_launch_measurement.dylib
0x00007fff2739c000 	/System/Library/PrivateFrameworks/CoreAutoLayout.framework/Versions/A/CoreAutoLayout
0x00007fff284fc000 	/System/Library/Frameworks/Metal.framework/Versions/A/Metal
0x00007fff291fa000 	/usr/lib/liblangid.dylib
0x00007fff28b9d000 	/System/Library/PrivateFrameworks/CoreSVG.framework/Versions/A/CoreSVG
0x00007fff24add000 	/System/Library/PrivateFrameworks/SkyLight.framework/Versions/A/SkyLight
0x00007fff24e42000 	/System/Library/Frameworks/CoreGraphics.framework/Versions/A/CoreGraphics
0x00007fff30310000 	/System/Library/Frameworks/Accelerate.framework/Versions/A/Accelerate
0x00007fff2b329000 	/System/Library/PrivateFrameworks/IconServices.framework/Versions/A/IconServices
0x00007fff284e0000 	/System/Library/Frameworks/IOSurface.framework/Versions/A/IOSurface
0x00007fff26381000 	/usr/lib/libDiagnosticMessagesClient.dylib
0x00007fff28b85000 	/System/Library/PrivateFrameworks/DFRFoundation.framework/Versions/A/DFRFoundation
0x00007fff2242d000 	/usr/lib/libicucore.A.dylib
0x00007fff2ce30000 	/System/Library/Frameworks/AudioToolbox.framework/Versions/A/AudioToolbox
0x00007fff2c0ba000 	/System/Library/PrivateFrameworks/DataDetectorsCore.framework/Versions/A/DataDetectorsCore
0x00007fff24a51000 	/usr/lib/libMobileGestalt.dylib
0x00007fff28889000 	/System/Library/Frameworks/Carbon.framework/Versions/A/Frameworks/HIToolbox.framework/Versions/A/HIToolbox
0x00007fff26ddf000 	/System/Library/Frameworks/QuartzCore.framework/Versions/A/QuartzCore
0x00007fff2fe21000 	/System/Library/Frameworks/Carbon.framework/Versions/A/Frameworks/SpeechRecognition.framework/Versions/A/SpeechRecognition
0x00007fff270fe000 	/System/Library/PrivateFrameworks/CoreUI.framework/Versions/A/CoreUI
0x00007fff21a47000 	/System/Library/Frameworks/CoreAudio.framework/Versions/A/CoreAudio
0x00007fff2646c000 	/System/Library/Frameworks/DiskArbitration.framework/Versions/A/DiskArbitration
0x00007fff2bcb8000 	/System/Library/PrivateFrameworks/MultitouchSupport.framework/Versions/A/MultitouchSupport
0x00007fff2c0b1000 	/System/Library/PrivateFrameworks/InternationalSupport.framework/Versions/A/InternationalSupport
0x00007fff24a50000 	/usr/lib/libenergytrace.dylib
0x00007fff229fd000 	/System/Library/Frameworks/IOKit.framework/Versions/A/IOKit
0x00007fff30154000 	/System/Library/Frameworks/CoreServices.framework/Versions/A/CoreServices
0x00007fff2732b000 	/System/Library/PrivateFrameworks/PerformanceAnalysis.framework/Versions/A/PerformanceAnalysis
0x00007fff6bc16000 	/System/Library/Frameworks/OpenGL.framework/Versions/A/OpenGL
0x00007fff2c135000 	/System/Library/PrivateFrameworks/UserActivity.framework/Versions/A/UserActivity
0x00007fff254f4000 	/System/Library/Frameworks/ColorSync.framework/Versions/A/ColorSync
0x00007fff28e08000 	/System/Library/Frameworks/CoreImage.framework/Versions/A/CoreImage
0x00007fff21861000 	/System/Library/Frameworks/CoreText.framework/Versions/A/CoreText
0x00007fff28bc7000 	/System/Library/Frameworks/ImageIO.framework/Versions/A/ImageIO
0x00007fff2a671000 	/System/Library/PrivateFrameworks/SoftLinking.framework/Versions/A/SoftLinking
0x00007fff273e4000 	/usr/lib/libxml2.2.dylib
0x00007fff2a8de000 	/usr/lib/libcompression.dylib
0x00007fff2bfe3000 	/System/Library/PrivateFrameworks/TextureIO.framework/Versions/A/TextureIO
0x00007fff2afce000 	/usr/lib/libate.dylib
0x00007fff2acfa000 	/usr/lib/liblzma.5.dylib
0x00007fff20d85000 	/System/Library/Frameworks/SystemConfiguration.framework/Versions/A/SystemConfiguration
0x00007fff2a66d000 	/usr/lib/libfakelink.dylib
0x00007fff245a2000 	/System/Library/Frameworks/CFNetwork.framework/Versions/A/CFNetwork
0x00007fff2a7ad000 	/usr/lib/libarchive.2.dylib
0x00007fff20e03000 	/usr/lib/libCRFSuite.dylib
0x00007fff29e1a000 	/usr/lib/libbsm.0.dylib
0x00007fff23f1b000 	/usr/lib/libnetwork.dylib
0x00007fff2a672000 	/usr/lib/libpcap.A.dylib
0x00007fff261b6000 	/usr/lib/libdns_services.dylib
0x00007fff2ad13000 	/usr/lib/libcoretls_cfhelpers.dylib
0x00007fff2a8ac000 	/usr/lib/libapple_nghttp2.dylib
0x00007fff2a605000 	/usr/lib/system/libkxld.dylib
0x00007fff25e34000 	/usr/lib/libsqlite3.dylib
0x00007fff2a381000 	/System/Library/PrivateFrameworks/AppleFSCompression.framework/Versions/A/AppleFSCompression
0x00007fff29e02000 	/usr/lib/libcoretls.dylib
0x00007fff2a8d9000 	/usr/lib/libpam.2.dylib
0x00007fff2ae11000 	/usr/lib/libxar.1.dylib
0x00007fff291f6000 	/System/Library/PrivateFrameworks/AppleSystemInfo.framework/Versions/A/AppleSystemInfo
0x00007fff29a44000 	/System/Library/PrivateFrameworks/IOMobileFramebuffer.framework/Versions/A/IOMobileFramebuffer
0x00007fff2a391000 	/usr/lib/libbz2.1.0.dylib
0x00007fff2a6aa000 	/usr/lib/libiconv.2.dylib
0x00007fff2a5fe000 	/usr/lib/libcharset.1.dylib
0x00007fff27367000 	/System/Library/Frameworks/CoreServices.framework/Versions/A/Frameworks/FSEvents.framework/Versions/A/FSEvents
0x00007fff22697000 	/System/Library/Frameworks/CoreServices.framework/Versions/A/Frameworks/CarbonCore.framework/Versions/A/CarbonCore
0x00007fff263d1000 	/System/Library/Frameworks/CoreServices.framework/Versions/A/Frameworks/Metadata.framework/Versions/A/Metadata
0x00007fff2a3a3000 	/System/Library/Frameworks/CoreServices.framework/Versions/A/Frameworks/OSServices.framework/Versions/A/OSServices
0x00007fff2a81f000 	/System/Library/Frameworks/CoreServices.framework/Versions/A/Frameworks/SearchKit.framework/Versions/A/SearchKit
0x00007fff26141000 	/System/Library/Frameworks/CoreServices.framework/Versions/A/Frameworks/AE.framework/Versions/A/AE
0x00007fff20838000 	/System/Library/Frameworks/CoreServices.framework/Versions/A/Frameworks/LaunchServices.framework/Versions/A/LaunchServices
0x00007fff2acaa000 	/System/Library/Frameworks/CoreServices.framework/Versions/A/Frameworks/DictionaryServices.framework/Versions/A/DictionaryServices
0x00007fff27374000 	/System/Library/Frameworks/CoreServices.framework/Versions/A/Frameworks/SharedFileList.framework/Versions/A/SharedFileList
0x00007fff29df6000 	/usr/lib/libCheckFix.dylib
0x00007fff24ac5000 	/System/Library/PrivateFrameworks/TCC.framework/Versions/A/TCC
0x00007fff291fc000 	/System/Library/PrivateFrameworks/CoreNLP.framework/Versions/A/CoreNLP
0x00007fff26384000 	/System/Library/PrivateFrameworks/MetadataUtilities.framework/Versions/A/MetadataUtilities
0x00007fff20e38000 	/usr/lib/libmecabra.dylib
0x00007fff2a100000 	/System/Library/Frameworks/MLCompute.framework/Versions/A/MLCompute
0x00007fff29e2b000 	/usr/lib/libmecab.dylib
0x00007fff29e75000 	/usr/lib/libgermantok.dylib
0x00007fff2a887000 	/usr/lib/libThaiTokenizer.dylib
0x00007fff2ae4c000 	/usr/lib/libChineseTokenizer.dylib
0x00007fff2a8d7000 	/System/Library/Frameworks/MetalPerformanceShaders.framework/Versions/A/MetalPerformanceShaders
0x00007fff26473000 	/System/Library/Frameworks/Accelerate.framework/Versions/A/Frameworks/vImage.framework/Versions/A/vImage
0x00007fff3012e000 	/System/Library/Frameworks/Accelerate.framework/Versions/A/Frameworks/vecLib.framework/Versions/A/vecLib
0x00007fff2ae57000 	/System/Library/Frameworks/Accelerate.framework/Versions/A/Frameworks/vecLib.framework/Versions/A/libvMisc.dylib
0x00007fff298a4000 	/System/Library/Frameworks/Accelerate.framework/Versions/A/Frameworks/vecLib.framework/Versions/A/libvDSP.dylib
0x00007fff20b41000 	/System/Library/Frameworks/Accelerate.framework/Versions/A/Frameworks/vecLib.framework/Versions/A/libBLAS.dylib
0x00007fff2a905000 	/System/Library/Frameworks/Accelerate.framework/Versions/A/Frameworks/vecLib.framework/Versions/A/libLAPACK.dylib
0x00007fff29e7b000 	/System/Library/Frameworks/Accelerate.framework/Versions/A/Frameworks/vecLib.framework/Versions/A/libLinearAlgebra.dylib
0x00007fff2a8c4000 	/System/Library/Frameworks/Accelerate.framework/Versions/A/Frameworks/vecLib.framework/Versions/A/libSparseBLAS.dylib
0x00007fff2a8ff000 	/System/Library/Frameworks/Accelerate.framework/Versions/A/Frameworks/vecLib.framework/Versions/A/libQuadrature.dylib
0x00007fff292a8000 	/System/Library/Frameworks/Accelerate.framework/Versions/A/Frameworks/vecLib.framework/Versions/A/libBNNS.dylib
0x00007fff20d16000 	/System/Library/Frameworks/Accelerate.framework/Versions/A/Frameworks/vecLib.framework/Versions/A/libSparse.dylib
0x00007fff29184000 	/System/Library/Frameworks/MetalPerformanceShaders.framework/Versions/A/Frameworks/MPSCore.framework/Versions/A/MPSCore
0x00007fff2a2f0000 	/System/Library/Frameworks/MetalPerformanceShaders.framework/Versions/A/Frameworks/MPSImage.framework/Versions/A/MPSImage
0x00007fff29e91000 	/System/Library/Frameworks/MetalPerformanceShaders.framework/Versions/A/Frameworks/MPSNeuralNetwork.framework/Versions/A/MPSNeuralNetwork
0x00007fff2a262000 	/System/Library/Frameworks/MetalPerformanceShaders.framework/Versions/A/Frameworks/MPSMatrix.framework/Versions/A/MPSMatrix
0x00007fff2a0b0000 	/System/Library/Frameworks/MetalPerformanceShaders.framework/Versions/A/Frameworks/MPSRayIntersector.framework/Versions/A/MPSRayIntersector
0x00007fff2a299000 	/System/Library/Frameworks/MetalPerformanceShaders.framework/Versions/A/Frameworks/MPSNDArray.framework/Versions/A/MPSNDArray
0x00007fff20a6d000 	/System/Library/PrivateFrameworks/MetalTools.framework/Versions/A/MetalTools
0x00007fff291f4000 	/System/Library/PrivateFrameworks/AggregateDictionary.framework/Versions/A/AggregateDictionary
0x00007fff26351000 	/System/Library/PrivateFrameworks/CoreAnalytics.framework/Versions/A/CoreAnalytics
0x00007fff2a889000 	/System/Library/PrivateFrameworks/AppleSauce.framework/Versions/A/AppleSauce
0x00007fff284f2000 	/System/Library/PrivateFrameworks/IOAccelerator.framework/Versions/A/IOAccelerator
0x00007fff6bc0a000 	/System/Library/Frameworks/OpenGL.framework/Versions/A/Libraries/libCoreFSCache.dylib
0x00007fff213d0000 	/System/Library/PrivateFrameworks/LanguageModeling.framework/Versions/A/LanguageModeling
0x00007fff29a32000 	/System/Library/PrivateFrameworks/CoreEmoji.framework/Versions/A/CoreEmoji
0x00007fff292a1000 	/System/Library/PrivateFrameworks/LinguisticData.framework/Versions/A/LinguisticData
0x00007fff20cc8000 	/System/Library/PrivateFrameworks/Lexicon.framework/Versions/A/Lexicon
0x00007fff2a79b000 	/usr/lib/libcmph.dylib
0x00007fff27347000 	/System/Library/Frameworks/OpenDirectory.framework/Versions/A/Frameworks/CFOpenDirectory.framework/Versions/A/CFOpenDirectory
0x00007fff27337000 	/System/Library/Frameworks/OpenDirectory.framework/Versions/A/OpenDirectory
0x00007fff2ad15000 	/System/Library/PrivateFrameworks/APFS.framework/Versions/A/APFS
0x00007fff29d58000 	/System/Library/Frameworks/SecurityFoundation.framework/Versions/A/SecurityFoundation
0x00007fff2ae1f000 	/usr/lib/libutil.dylib
0x00007fff229c2000 	/System/Library/PrivateFrameworks/CoreServicesStore.framework/Versions/A/CoreServicesStore
0x00007fff29dee000 	/System/Library/Frameworks/ServiceManagement.framework/Versions/A/ServiceManagement
0x00007fff2ae23000 	/usr/lib/libxslt.1.dylib
0x00007fff29de4000 	/System/Library/PrivateFrameworks/BackgroundTaskManagement.framework/Versions/A/BackgroundTaskManagement
0x00007fff2bf2e000 	/System/Library/Frameworks/ImageIO.framework/Versions/A/Resources/libRadiance.dylib
0x00007fff2bf37000 	/System/Library/Frameworks/ImageIO.framework/Versions/A/Resources/libJPEG.dylib
0x00007fff2be82000 	/System/Library/Frameworks/ImageIO.framework/Versions/A/Resources/libPng.dylib
0x00007fff2bea9000 	/System/Library/Frameworks/ImageIO.framework/Versions/A/Resources/libTIFF.dylib
0x00007fff2bf8c000 	/System/Library/Frameworks/ImageIO.framework/Versions/A/Resources/libGIF.dylib
0x00007fff2bbd5000 	/System/Library/Frameworks/ImageIO.framework/Versions/A/Resources/libJP2.dylib
0x00007fff2b2f1000 	/usr/lib/libexpat.1.dylib
0x00007fff2bb8b000 	/System/Library/PrivateFrameworks/AppleJPEG.framework/Versions/A/AppleJPEG
0x00007fff28728000 	/System/Library/PrivateFrameworks/FontServices.framework/libFontParser.dylib
0x00007fff260f8000 	/System/Library/PrivateFrameworks/RunningBoardServices.framework/Versions/A/RunningBoardServices
0x00007fff2bcb4000 	/System/Library/PrivateFrameworks/WatchdogClient.framework/Versions/A/WatchdogClient
0x00007fff214b9000 	/System/Library/Frameworks/CoreDisplay.framework/Versions/A/CoreDisplay
0x00007fff2863d000 	/System/Library/Frameworks/CoreMedia.framework/Versions/A/CoreMedia
0x00007fff274c7000 	/System/Library/Frameworks/CoreVideo.framework/Versions/A/CoreVideo
0x00007fff2bcef000 	/System/Library/Frameworks/VideoToolbox.framework/Versions/A/VideoToolbox
0x00007fff26078000 	/System/Library/PrivateFrameworks/BaseBoard.framework/Versions/A/BaseBoard
0x00007fff2b435000 	/System/Library/PrivateFrameworks/PersistentConnection.framework/Versions/A/PersistentConnection
0x00007fff25e1e000 	/System/Library/PrivateFrameworks/ProtocolBuffer.framework/Versions/A/ProtocolBuffer
0x00007fff26060000 	/System/Library/PrivateFrameworks/CommonUtilities.framework/Versions/A/CommonUtilities
0x00007fff2bb4e000 	/System/Library/PrivateFrameworks/Bom.framework/Versions/A/Bom
0x00007fff2bf26000 	/System/Library/PrivateFrameworks/GPUWrangler.framework/Versions/A/GPUWrangler
0x00007fff2bf09000 	/System/Library/PrivateFrameworks/IOPresentment.framework/Versions/A/IOPresentment
0x00007fff2bf31000 	/System/Library/PrivateFrameworks/DSExternalDisplay.framework/Versions/A/DSExternalDisplay
0x00007fff2bf91000 	/System/Library/PrivateFrameworks/CMCaptureCore.framework/Versions/A/CMCaptureCore
0x00007fff2b8d1000 	/System/Library/PrivateFrameworks/AppServerSupport.framework/Versions/A/AppServerSupport
0x00007fff2d96a000 	/System/Library/PrivateFrameworks/perfdata.framework/Versions/A/perfdata
0x00007fff29d47000 	/System/Library/PrivateFrameworks/AssertionServices.framework/Versions/A/AssertionServices
0x00007fff215f0000 	/System/Library/PrivateFrameworks/AudioToolboxCore.framework/Versions/A/AudioToolboxCore
0x00007fff28620000 	/System/Library/PrivateFrameworks/caulk.framework/Versions/A/caulk
0x00007fff3cda2000 	/System/Library/PrivateFrameworks/SystemPolicy.framework/Versions/A/SystemPolicy
0x00007fff2b100000 	/usr/lib/libIOReport.dylib
0x00007fff2d1a6000 	/usr/lib/libSMC.dylib
0x00007fff2be4e000 	/usr/lib/libAudioToolboxUtility.dylib
0x00007fff3d6fc000 	/usr/lib/libmis.dylib
0x00007fff6bc66000 	/System/Library/Frameworks/OpenGL.framework/Versions/A/Libraries/libGLU.dylib
0x00007fff6bc29000 	/System/Library/Frameworks/OpenGL.framework/Versions/A/Libraries/libGFXShared.dylib
0x00007fff6be37000 	/System/Library/Frameworks/OpenGL.framework/Versions/A/Libraries/libGL.dylib
0x00007fff6bc32000 	/System/Library/Frameworks/OpenGL.framework/Versions/A/Libraries/libGLImage.dylib
0x00007fff6bc26000 	/System/Library/Frameworks/OpenGL.framework/Versions/A/Libraries/libCVMSPluginSupport.dylib
0x00007fff6bc11000 	/System/Library/Frameworks/OpenGL.framework/Versions/A/Libraries/libCoreVMClient.dylib
0x00007fff6d281000 	/System/Library/Frameworks/OpenCL.framework/Versions/A/OpenCL
0x00007fff2b45e000 	/System/Library/PrivateFrameworks/GraphVisualizer.framework/Versions/A/GraphVisualizer
0x00007fff2b46d000 	/System/Library/PrivateFrameworks/FaceCore.framework/Versions/A/FaceCore
0x00007fff2b889000 	/System/Library/PrivateFrameworks/OTSVG.framework/Versions/A/OTSVG
0x00007fff270bc000 	/System/Library/Frameworks/ApplicationServices.framework/Versions/A/Frameworks/ATS.framework/Versions/A/Resources/libFontRegistry.dylib
0x00007fff2b8d8000 	/System/Library/PrivateFrameworks/FontServices.framework/libhvf.dylib
0x00007fff2b29d000 	/System/Library/PrivateFrameworks/AppleVA.framework/Versions/A/AppleVA
0x00007fff2cfee000 	/System/Library/Frameworks/ApplicationServices.framework/Versions/A/Frameworks/ATS.framework/Versions/A/ATS
0x00007fff2d301000 	/System/Library/Frameworks/ApplicationServices.framework/Versions/A/Frameworks/ColorSyncLegacy.framework/Versions/A/ColorSyncLegacy
0x00007fff255eb000 	/System/Library/Frameworks/ApplicationServices.framework/Versions/A/Frameworks/HIServices.framework/Versions/A/HIServices
0x00007fff2d2e6000 	/System/Library/Frameworks/ApplicationServices.framework/Versions/A/Frameworks/LangAnalysis.framework/Versions/A/LangAnalysis
0x00007fff2bf9b000 	/System/Library/Frameworks/ApplicationServices.framework/Versions/A/Frameworks/PrintCore.framework/Versions/A/PrintCore
0x00007fff2d309000 	/System/Library/Frameworks/ApplicationServices.framework/Versions/A/Frameworks/QD.framework/Versions/A/QD
0x00007fff2cfde000 	/System/Library/Frameworks/ApplicationServices.framework/Versions/A/Frameworks/SpeechSynthesis.framework/Versions/A/SpeechSynthesis
0x00007fff2bf5c000 	/System/Library/Frameworks/ApplicationServices.framework/Versions/A/Frameworks/ATSUI.framework/Versions/A/ATSUI
0x00007fff2d286000 	/usr/lib/libcups.2.dylib
0x00007fff2d2f6000 	/System/Library/PrivateFrameworks/NetAuth.framework/Versions/A/NetAuth
0x00007fff2d985000 	/System/Library/Frameworks/Kerberos.framework/Versions/A/Kerberos
0x00007fff2d995000 	/System/Library/Frameworks/GSS.framework/Versions/A/GSS
0x00007fff2d05b000 	/usr/lib/libresolv.9.dylib
0x00007fff2b8ee000 	/System/Library/PrivateFrameworks/Heimdal.framework/Versions/A/Heimdal
0x00007fff33628000 	/System/Library/Frameworks/Kerberos.framework/Versions/A/Libraries/libHeimdalProxy.dylib
0x00007fff261c5000 	/System/Library/Frameworks/Network.framework/Versions/A/Network
0x00007fff2b30a000 	/usr/lib/libheimdal-asn1.dylib
0x00007fff2d9e6000 	/System/Library/PrivateFrameworks/CommonAuth.framework/Versions/A/CommonAuth
0x00007fff27515000 	/System/Library/PrivateFrameworks/login.framework/Versions/A/Frameworks/loginsupport.framework/Versions/A/loginsupport
0x00007fff2cf65000 	/System/Library/PrivateFrameworks/AudioSession.framework/Versions/A/AudioSession
0x00007fff2cfcb000 	/usr/lib/libAudioStatistics.dylib
0x00007fff2b396000 	/System/Library/PrivateFrameworks/MediaExperience.framework/Versions/A/MediaExperience
0x00007fff2cdfe000 	/System/Library/PrivateFrameworks/AudioSession.framework/libSessionUtility.dylib
0x00007fff2d976000 	/usr/lib/libperfcheck.dylib
0x00007fff2d315000 	/System/Library/PrivateFrameworks/AudioResourceArbitration.framework/Versions/A/AudioResourceArbitration
0x00007fff2b314000 	/System/Library/PrivateFrameworks/IconFoundation.framework/Versions/A/IconFoundation
0x00007fff2fe11000 	/System/Library/PrivateFrameworks/SpeechRecognitionCore.framework/Versions/A/SpeechRecognitionCore
0x000000010d000000 	/Library/Java/JavaVirtualMachines/jdk-16.jdk/Contents/Home/lib/server/libjvm.dylib
0x0000000108954000 	/Library/Java/JavaVirtualMachines/jdk-16.jdk/Contents/Home/lib/libjimage.dylib
0x00000001089af000 	/Library/Java/JavaVirtualMachines/jdk-16.jdk/Contents/Home/lib/libjava.dylib
0x0000000108daf000 	/Library/Java/JavaVirtualMachines/jdk-16.jdk/Contents/Home/lib/libnio.dylib
0x0000000108ddf000 	/Library/Java/JavaVirtualMachines/jdk-16.jdk/Contents/Home/lib/libnet.dylib
0x0000000108e28000 	/Library/Java/JavaVirtualMachines/jdk-16.jdk/Contents/Home/lib/libzip.dylib
0x0000000108e54000 	/Library/Java/JavaVirtualMachines/jdk-16.jdk/Contents/Home/lib/libverify.dylib
0x0000000133e50000 	/Library/Java/JavaVirtualMachines/jdk-16.jdk/Contents/Home/lib/libawt.dylib
0x0000000131694000 	/Library/Java/JavaVirtualMachines/jdk-16.jdk/Contents/Home/lib/libmlib_image.dylib
0x00007fff6ebb6000 	/System/Library/Frameworks/JavaNativeFoundation.framework/Versions/A/JavaNativeFoundation
0x00007fff6ebc2000 	/System/Library/Frameworks/JavaRuntimeSupport.framework/Versions/A/JavaRuntimeSupport
0x00007fff3caec000 	/System/Library/Frameworks/Carbon.framework/Versions/A/Carbon
0x00007fff31c82000 	/System/Library/PrivateFrameworks/CoreSymbolication.framework/Versions/A/CoreSymbolication
0x00007fff365a3000 	/System/Library/Frameworks/Carbon.framework/Versions/A/Frameworks/CommonPanels.framework/Versions/A/CommonPanels
0x00007fff330bd000 	/System/Library/Frameworks/Carbon.framework/Versions/A/Frameworks/Help.framework/Versions/A/Help
0x00007fff365a7000 	/System/Library/Frameworks/Carbon.framework/Versions/A/Frameworks/ImageCapture.framework/Versions/A/ImageCapture
0x00007fff36577000 	/System/Library/Frameworks/Carbon.framework/Versions/A/Frameworks/OpenScripting.framework/Versions/A/OpenScripting
0x00007fff3659f000 	/System/Library/Frameworks/Carbon.framework/Versions/A/Frameworks/Ink.framework/Versions/A/Ink
0x00007fff3cae8000 	/System/Library/Frameworks/Carbon.framework/Versions/A/Frameworks/Print.framework/Versions/A/Print
0x00007fff3659b000 	/System/Library/Frameworks/Carbon.framework/Versions/A/Frameworks/SecurityHI.framework/Versions/A/SecurityHI
0x00007fff31c46000 	/System/Library/PrivateFrameworks/DebugSymbols.framework/Versions/A/DebugSymbols
0x0000000133fc9000 	/Library/Java/JavaVirtualMachines/jdk-16.jdk/Contents/Home/lib/libawt_lwawt.dylib
0x0000000108ecb000 	/Library/Java/JavaVirtualMachines/jdk-16.jdk/Contents/Home/lib/libosxapp.dylib
0x00007fff3c107000 	/System/Library/Frameworks/ExceptionHandling.framework/Versions/A/ExceptionHandling
0x0000000108fce000 	/Library/Java/JavaVirtualMachines/jdk-16.jdk/Contents/Home/lib/libfontmanager.dylib
0x000000013414b000 	/Library/Java/JavaVirtualMachines/jdk-16.jdk/Contents/Home/lib/libharfbuzz.dylib
0x00000001344e1000 	/Library/Java/JavaVirtualMachines/jdk-16.jdk/Contents/Home/lib/libfreetype.dylib
0x00007fff22983000 	/System/Library/PrivateFrameworks/CoreServicesInternal.framework/Versions/A/CoreServicesInternal
0x00007fff31198000 	/System/Library/Frameworks/FileProvider.framework/Versions/A/FileProvider
0x00007fff25fe3000 	/System/Library/Frameworks/Accounts.framework/Versions/A/Accounts
0x00007fff312e8000 	/System/Library/PrivateFrameworks/GenerationalStorage.framework/Versions/A/GenerationalStorage
0x00007fff30bb8000 	/System/Library/PrivateFrameworks/SymptomDiagnosticReporter.framework/Versions/A/SymptomDiagnosticReporter
0x00007fff23ab1000 	/System/Library/PrivateFrameworks/DesktopServicesPriv.framework/Versions/A/DesktopServicesPriv
0x00007fff22ab8000 	/usr/lib/libsandbox.1.dylib
0x00007fff27540000 	/System/Library/PrivateFrameworks/UserManagement.framework/Versions/A/UserManagement
0x00007fff29d24000 	/System/Library/PrivateFrameworks/MobileKeyBag.framework/Versions/A/MobileKeyBag
0x00007fff346aa000 	/System/Library/PrivateFrameworks/ChunkingLibrary.framework/Versions/A/ChunkingLibrary
0x00007fff2e3a9000 	/System/Library/PrivateFrameworks/Sharing.framework/Versions/A/Sharing
0x00007fff32c2a000 	/System/Library/PrivateFrameworks/Apple80211.framework/Versions/A/Apple80211
0x00007fff2a3d1000 	/System/Library/PrivateFrameworks/AuthKit.framework/Versions/A/AuthKit
0x00007fff29b22000 	/System/Library/PrivateFrameworks/CoreUtils.framework/Versions/A/CoreUtils
0x00007fff29a4f000 	/System/Library/Frameworks/CoreWLAN.framework/Versions/A/CoreWLAN
0x00007fff2e4f5000 	/System/Library/Frameworks/IOBluetooth.framework/Versions/A/IOBluetooth
0x00007fff32c8e000 	/System/Library/PrivateFrameworks/CoreWiFi.framework/Versions/A/CoreWiFi
0x00007fff2da6c000 	/System/Library/PrivateFrameworks/CorePhoneNumbers.framework/Versions/A/CorePhoneNumbers
0x00007fff30cbf000 	/System/Library/PrivateFrameworks/DiskManagement.framework/Versions/A/DiskManagement
0x00007fff30bd5000 	/System/Library/PrivateFrameworks/AppleIDAuthSupport.framework/Versions/A/AppleIDAuthSupport
0x00007fff2da4c000 	/System/Library/PrivateFrameworks/KeychainCircle.framework/Versions/A/KeychainCircle
0x00007fff30c8b000 	/System/Library/PrivateFrameworks/MediaKit.framework/Versions/A/MediaKit
0x00007fff30be2000 	/System/Library/Frameworks/DiscRecording.framework/Versions/A/DiscRecording
0x00007fff2b211000 	/usr/lib/libCoreStorage.dylib
0x00007fff330c9000 	/usr/lib/libcsfde.dylib
0x00007fff2e630000 	/System/Library/PrivateFrameworks/ProtectedCloudStorage.framework/Versions/A/ProtectedCloudStorage
0x00007fff330c1000 	/System/Library/PrivateFrameworks/EFILogin.framework/Versions/A/EFILogin
0x00007fff336db000 	/System/Library/Frameworks/AudioUnit.framework/Versions/A/AudioUnit
0x00007fff30b52000 	/System/Library/Frameworks/CoreBluetooth.framework/Versions/A/CoreBluetooth
0x00007fff2b209000 	/usr/lib/libMatch.1.dylib
0x00007fff43966000 	/System/Library/CoreServices/RawCamera.bundle/Contents/MacOS/RawCamera
0x00007fff2d9f7000 	/System/Library/PrivateFrameworks/MobileAsset.framework/Versions/A/MobileAsset
0x00007fff336ff000 	/System/Library/PrivateFrameworks/StreamingZip.framework/Versions/A/StreamingZip
0x00007fff2c193000 	/System/Library/Frameworks/MediaToolbox.framework/Versions/A/MediaToolbox
0x00007fff3116a000 	/System/Library/PrivateFrameworks/CoreAVCHD.framework/Versions/A/CoreAVCHD
0x00007fff30351000 	/System/Library/Frameworks/MediaAccessibility.framework/Versions/A/MediaAccessibility
0x00007fff31166000 	/System/Library/PrivateFrameworks/Mangrove.framework/Versions/A/Mangrove
0x00007fff3035d000 	/System/Library/PrivateFrameworks/AlgosScoreFramework.framework/Versions/A/AlgosScoreFramework
0x00007fff31b54000 	/System/Library/PrivateFrameworks/AppleVPA.framework/Versions/A/AppleVPA
0x00007fff30dab000 	/System/Library/PrivateFrameworks/CoreAUC.framework/Versions/A/CoreAUC
0x00007fff413be000 	/System/Library/Frameworks/Accelerate.framework/Versions/A/Frameworks/vImage.framework/Versions/A/Libraries/libCGInterfaces.dylib
0x0000000136b97000 	/usr/lib/libobjc-trampolines.dylib
0x00007fff2723f000 	/System/Library/PrivateFrameworks/ViewBridge.framework/Versions/A/ViewBridge
0x00007fff2b108000 	/System/Library/PrivateFrameworks/CrashReporterSupport.framework/Versions/A/CrashReporterSupport
0x00007fff47ae0000 	/System/Library/PrivateFrameworks/OSAnalytics.framework/Versions/A/OSAnalytics
0x00007fff77a7f000 	/usr/lib/libRosetta.dylib
0x00007fff33050000 	/System/Library/PrivateFrameworks/RemoteServiceDiscovery.framework/Versions/A/RemoteServiceDiscovery
0x00007fff51780000 	/System/Library/PrivateFrameworks/Symbolication.framework/Versions/A/Symbolication
0x00007fff3d6dc000 	/System/Library/PrivateFrameworks/MallocStackLogging.framework/Versions/A/MallocStackLogging
0x00000001391f5000 	/Users/Ali/eclipse-workspace/LWJGL/lib/natives/liblwjgl.jnilib
0x00000001392f0000 	/Library/Java/JavaVirtualMachines/jdk-16.jdk/Contents/Home/lib/libjawt.dylib
0x00007fff6be42000 	/System/Library/Frameworks/OpenGL.framework/Versions/A/Resources/GLEngine.bundle/GLEngine
0x00007fff6bca3000 	/System/Library/Frameworks/OpenGL.framework/Versions/A/Libraries/libGLProgrammability.dylib
0x0000000139309000 	/System/Library/Extensions/AppleMetalOpenGLRenderer.bundle/Contents/MacOS/AppleMetalOpenGLRenderer
0x00007fff6bfc0000 	/System/Library/Frameworks/OpenGL.framework/Versions/A/Resources/GLRendererFloat.bundle/GLRendererFloat
0x0000000139486000 	/System/Library/Extensions/AGXMetal13_3.bundle/Contents/MacOS/AGXMetal13_3
0x00007fff3872c000 	/System/Library/PrivateFrameworks/IOGPU.framework/Versions/A/IOGPU
0x00007fff697bf000 	/System/Library/PrivateFrameworks/GPUCompiler.framework/Versions/31001/Libraries/libmetal_timestamp.dylib
0x00007fff2b9af000 	/System/Library/PrivateFrameworks/login.framework/Versions/A/login


VM Arguments:
jvm_args: -Djava.library.path=/Users/Ali/eclipse-workspace/LWJGL/lib/natives -Dfile.encoding=UTF-8 -XX:+ShowCodeDetailsInExceptionMessages 
java_command: engineTester.MainGameLoop
java_class_path (initial): /Users/Ali/eclipse-workspace/LWJGL/bin:/Users/Ali/eclipse-workspace/LWJGL/lib/jar/lwjgl_util.jar:/Users/Ali/eclipse-workspace/LWJGL/lib/jar/lwjgl.jar:/Users/Ali/eclipse-workspace/LWJGL/lib/jar/slick-util.jar
Launcher Type: SUN_STANDARD

[Global flags]
     intx CICompilerCount                          = 4                                         {product} {ergonomic}
     uint ConcGCThreads                            = 2                                         {product} {ergonomic}
     uint G1ConcRefinementThreads                  = 8                                         {product} {ergonomic}
   size_t G1HeapRegionSize                         = 2097152                                   {product} {ergonomic}
    uintx GCDrainStackTargetSize                   = 64                                        {product} {ergonomic}
   size_t InitialHeapSize                          = 268435456                                 {product} {ergonomic}
   size_t MarkStackSize                            = 4194304                                   {product} {ergonomic}
   size_t MaxHeapSize                              = 4294967296                                {product} {ergonomic}
   size_t MaxNewSize                               = 2575302656                                {product} {ergonomic}
   size_t MinHeapDeltaBytes                        = 2097152                                   {product} {ergonomic}
   size_t MinHeapSize                              = 8388608                                   {product} {ergonomic}
    uintx NonNMethodCodeHeapSize                   = 5839372                                {pd product} {ergonomic}
    uintx NonProfiledCodeHeapSize                  = 122909434                              {pd product} {ergonomic}
    uintx ProfiledCodeHeapSize                     = 122909434                              {pd product} {ergonomic}
    uintx ReservedCodeCacheSize                    = 251658240                              {pd product} {ergonomic}
     bool SegmentedCodeCache                       = true                                      {product} {ergonomic}
     bool ShowCodeDetailsInExceptionMessages       = true                                   {manageable} {command line}
   size_t SoftMaxHeapSize                          = 4294967296                             {manageable} {ergonomic}
     bool UseCompressedClassPointers               = true                           {product lp64_product} {ergonomic}
     bool UseCompressedOops                        = true                           {product lp64_product} {ergonomic}
     bool UseG1GC                                  = true                                      {product} {ergonomic}
     bool UseNUMA                                  = false                                     {product} {ergonomic}
     bool UseNUMAInterleaving                      = false                                     {product} {ergonomic}

Logging:
Log output configuration:
 #0: stdout all=warning uptime,level,tags
 #1: stderr all=off uptime,level,tags

Environment Variables:
PATH=/usr/bin:/bin:/usr/sbin:/sbin
SHELL=/bin/zsh

Signal Handlers:
SIGSEGV: [libjvm.dylib+0xa7be40], sa_mask[0]=11100110100111111111111111111111, sa_flags=SA_ONSTACK|SA_RESTART|SA_SIGINFO
SIGBUS: [libjvm.dylib+0xa7be40], sa_mask[0]=11100110100111111111111111111111, sa_flags=SA_RESTART|SA_SIGINFO
SIGFPE: [libjvm.dylib+0xa7be40], sa_mask[0]=11100110100111111111111111111111, sa_flags=SA_RESTART|SA_SIGINFO
SIGPIPE: [libjvm.dylib+0x945d70], sa_mask[0]=11100110100111111111111111111111, sa_flags=SA_RESTART|SA_SIGINFO
SIGXFSZ: [libjvm.dylib+0x945d70], sa_mask[0]=11100110100111111111111111111111, sa_flags=SA_RESTART|SA_SIGINFO
SIGILL: [libjvm.dylib+0xa7be40], sa_mask[0]=11100110100111111111111111111111, sa_flags=SA_RESTART|SA_SIGINFO
SIGUSR2: [libjvm.dylib+0x946820], sa_mask[0]=00100000000000000000000000000000, sa_flags=SA_RESTART|SA_SIGINFO
SIGHUP: [libjvm.dylib+0x944de0], sa_mask[0]=11100110100111111111111111111111, sa_flags=SA_RESTART|SA_SIGINFO
SIGINT: [libjvm.dylib+0x944de0], sa_mask[0]=11100110100111111111111111111111, sa_flags=SA_RESTART|SA_SIGINFO
SIGTERM: [libjvm.dylib+0x944de0], sa_mask[0]=11100110100111111111111111111111, sa_flags=SA_RESTART|SA_SIGINFO
SIGQUIT: [libjvm.dylib+0x944de0], sa_mask[0]=11100110100111111111111111111111, sa_flags=SA_RESTART|SA_SIGINFO
SIGTRAP: [libjvm.dylib+0xa7be40], sa_mask[0]=11100110100111111111111111111111, sa_flags=SA_RESTART|SA_SIGINFO


---------------  S Y S T E M  ---------------

OS:uname: Darwin 20.5.0 Darwin Kernel Version 20.5.0: Sat May  8 05:10:31 PDT 2021; root:xnu-7195.121.3~9/RELEASE_ARM64_T8101 x86_64
OS uptime: 0 days 3:59 hours
rlimit (soft/hard): STACK 8176k/65520k , CORE 0k/infinity , NPROC 2666/4000 , NOFILE 10240/infinity , AS infinity/infinity , CPU infinity/infinity , DATA infinity/infinity , FSIZE infinity/infinity , MEMLOCK infinity/infinity , RSS infinity/infinity
load average: 1.66 1.32 1.38

CPU: total 8 (initial active 8) (1 cores per cpu, 1 threads per core) family 6 model 44 stepping 0 microcode 0x0, cx8, cmov, fxsr, mmx, sse, sse2, sse3, ssse3, sse4.1, sse4.2, popcnt, tsc, tscinvbit, aes, clmul, clflush

Memory: 4k page, physical 16777216k(941700k free), swap 1048576k(1023744k free)

vm_info: Java HotSpot(TM) 64-Bit Server VM (16+36-2231) for bsd-amd64 JRE (16+36-2231), built on Feb  8 2021 11:41:03 by "mach5one" with clang 4.2.1 Compatible Apple LLVM 11.0.0 (clang-1100.0.33.17)

END.
