#
# A fatal error has been detected by the Java Runtime Environment:
#
#  SIGSEGV (0xb) at pc=0x00007fff2032241f, pid=9585, tid=7171
#
# JRE version: Java(TM) SE Runtime Environment (16.0+36) (build 16+36-2231)
# Java VM: Java HotSpot(TM) 64-Bit Server VM (16+36-2231, mixed mode, sharing, tiered, compressed oops, g1 gc, bsd-amd64)
# Problematic frame:
# C  [libobjc.A.dylib+0x841f]  objc_release+0x1f
#
# No core dump will be written. Core dumps have been disabled. To enable core dumping, try "ulimit -c unlimited" before starting Java again
#
# If you would like to submit a bug report, please visit:
#   https://bugreport.java.com/bugreport/crash.jsp
# The crash happened outside the Java Virtual Machine in native code.
# See problematic frame for where to report the bug.
#

---------------  S U M M A R Y ------------

Command Line: -Djava.library.path=/Users/Ali/eclipse-workspace/Shaders/lib/natives -Dfile.encoding=UTF-8 -XX:+ShowCodeDetailsInExceptionMessages engineTester.Main

Host: MacBookAir10,1 x86_64 2400 MHz, 8 cores, 16G, Darwin 20.6.0, macOS 10.16 (20G95)
Time: Sun Sep 12 18:23:43 2021 EDT elapsed time: 1.218691 seconds (0d 0h 0m 1s)

---------------  T H R E A D  ---------------

Current thread (0x00007fbc6f008a00):  JavaThread "main" [_thread_in_native, id=7171, stack(0x000000030db43000,0x000000030dc43000)]

Stack: [0x000000030db43000,0x000000030dc43000],  sp=0x000000030dc425e8,  free space=1021k
Native frames: (J=compiled Java code, A=aot compiled Java code, j=interpreted, Vv=VM code, C=native code)
C  [libobjc.A.dylib+0x841f]  objc_release+0x1f
C  [libobjc.A.dylib+0x8d94]  objc_autoreleasePoolPop+0xa1
C  [CoreFoundation+0x426b2]  _CFAutoreleasePoolPop+0x16
C  [Foundation+0x1f123]  -[NSAutoreleasePool release]+0x83
j  org.lwjgl.opengl.MacOSXContextImplementation.setView(Ljava/nio/ByteBuffer;Ljava/nio/ByteBuffer;)V+0
j  org.lwjgl.opengl.MacOSXContextImplementation.makeCurrent(Lorg/lwjgl/opengl/PeerInfo;Ljava/nio/ByteBuffer;)V+7
j  org.lwjgl.opengl.ContextGL.makeCurrent()V+46
j  org.lwjgl.opengl.DrawableGL.makeCurrent()V+14
j  org.lwjgl.opengl.Display.makeCurrent()V+3
j  org.lwjgl.opengl.Display.makeCurrentAndSetSwapInterval()V+0
j  org.lwjgl.opengl.Display.create(Lorg/lwjgl/opengl/PixelFormat;Lorg/lwjgl/opengl/Drawable;Lorg/lwjgl/opengl/ContextAttribs;)V+108
j  org.lwjgl.opengl.Display.create(Lorg/lwjgl/opengl/PixelFormat;Lorg/lwjgl/opengl/ContextAttribs;)V+9
j  renderEngine.DisplayManager.createDisplay()V+42
j  engineTester.Main.main([Ljava/lang/String;)V+0
v  ~StubRoutines::call_stub
V  [libjvm.dylib+0x508672]  JavaCalls::call_helper(JavaValue*, methodHandle const&, JavaCallArguments*, Thread*)+0x2d2
V  [libjvm.dylib+0x56d778]  jni_invoke_static(JNIEnv_*, JavaValue*, _jobject*, JNICallType, _jmethodID*, JNI_ArgumentPusher*, Thread*)+0x148
V  [libjvm.dylib+0x570d31]  jni_CallStaticVoidMethod+0x181
C  [libjli.dylib+0x4e9f]  JavaMain+0xbff
C  [libjli.dylib+0x7519]  ThreadJavaMain+0x9
C  [libsystem_pthread.dylib+0x68fc]  _pthread_start+0xe0
C  [libsystem_pthread.dylib+0x2443]  thread_start+0xf

Java frames: (J=compiled Java code, j=interpreted, Vv=VM code)
j  org.lwjgl.opengl.MacOSXContextImplementation.setView(Ljava/nio/ByteBuffer;Ljava/nio/ByteBuffer;)V+0
j  org.lwjgl.opengl.MacOSXContextImplementation.makeCurrent(Lorg/lwjgl/opengl/PeerInfo;Ljava/nio/ByteBuffer;)V+7
j  org.lwjgl.opengl.ContextGL.makeCurrent()V+46
j  org.lwjgl.opengl.DrawableGL.makeCurrent()V+14
j  org.lwjgl.opengl.Display.makeCurrent()V+3
j  org.lwjgl.opengl.Display.makeCurrentAndSetSwapInterval()V+0
j  org.lwjgl.opengl.Display.create(Lorg/lwjgl/opengl/PixelFormat;Lorg/lwjgl/opengl/Drawable;Lorg/lwjgl/opengl/ContextAttribs;)V+108
j  org.lwjgl.opengl.Display.create(Lorg/lwjgl/opengl/PixelFormat;Lorg/lwjgl/opengl/ContextAttribs;)V+9
j  renderEngine.DisplayManager.createDisplay()V+42
j  engineTester.Main.main([Ljava/lang/String;)V+0
v  ~StubRoutines::call_stub

siginfo: si_signo: 11 (SIGSEGV), si_code: 1 (SEGV_MAPERR), si_addr: 0x0000000000000020

Register to memory mapping:

RAX=0x0 is NULL
RBX=0x0000000000000001 is an unknown value
RCX=0x0 is NULL
RDX=0x0000000000000005 is an unknown value
RSP=0x000000030dc425e8 is pointing into the stack for thread: 0x00007fbc6f008a00
RBP=0x000000030dc42620 is pointing into the stack for thread: 0x00007fbc6f008a00
RSI=0x00007fbc3ec701d0 points into unknown readable memory: 0x013d80013daf6cbf | bf 6c af 3d 01 80 3d 01
RDI=0x00007fbc7ed5a3f0 points into unknown readable memory: 0x00007fbc7ed630e0 | e0 30 d6 7e bc 7f 00 00
R8 =0x00007fbc7f0a0ec8 points into unknown readable memory: 0x0000000000000000 | 00 00 00 00 00 00 00 00
R9 =0x0 is NULL
R10=0x000000013daf6cb8: OBJC_CLASS_$_MacOSXOpenGLView+0 in /Users/Ali/eclipse-workspace/Shaders/lib/natives/liblwjgl.jnilib at 0x000000013dab9000
R11=0x00007fff22c77b3a: -[NSResponder release]+0 in /System/Library/Frameworks/AppKit.framework/Versions/C/AppKit at 0x00007fff22c6c000
R12=0x00007fbc7ed5a3f0 points into unknown readable memory: 0x00007fbc7ed630e0 | e0 30 d6 7e bc 7f 00 00
R13=0xa3a3a3a3a3a3a3a3 is an unknown value
R14=0x00007fbc7f871090 points into unknown readable memory: 0x0000000000000000 | 00 00 00 00 00 00 00 00
R15=0x00007fbc7f871000 points into unknown readable memory: 0x4f545541a1a1a1a1 | a1 a1 a1 a1 41 55 54 4f


Registers:
RAX=0x0000000000000000, RBX=0x0000000000000001, RCX=0x0000000000000000, RDX=0x0000000000000005
RSP=0x000000030dc425e8, RBP=0x000000030dc42620, RSI=0x00007fbc3ec701d0, RDI=0x00007fbc7ed5a3f0
R8 =0x00007fbc7f0a0ec8, R9 =0x0000000000000000, R10=0x000000013daf6cb8, R11=0x00007fff22c77b3a
R12=0x00007fbc7ed5a3f0, R13=0xa3a3a3a3a3a3a3a3, R14=0x00007fbc7f871090, R15=0x00007fbc7f871000
RIP=0x00007fff2032241f, EFLAGS=0x0000000000000246, ERR=0x0000000000000004
  TRAPNO=0x000000000000000e

Top of Stack: (sp=0x000000030dc425e8)
0x000000030dc425e8:   00007fff20340343 1ea9f3c511350000
0x000000030dc425f8:   00007fbc7f871000 0000000000000000
0x000000030dc42608:   00000001364562b0 00007fff7bc13fbf
0x000000030dc42618:   00007fbc6f008a00 000000030dc42640
0x000000030dc42628:   00007fff20322d94 1ea9f3c511350017
0x000000030dc42638:   00007fbc7f871090 000000030dc42660
0x000000030dc42648:   00007fff2053c6b2 1ea9f3c511350017
0x000000030dc42658:   00007fbc7ec566d0 000000030dc426a0
0x000000030dc42668:   00007fff211f2123 000000030dc426a0
0x000000030dc42678:   000000013dacfb44 00000001364562b8
0x000000030dc42688:   1ea9f3c511350017 00000001364562b8
0x000000030dc42698:   000000030dc42730 000000030dc42708
0x000000030dc426a8:   000000011b6a1b06 000000070fc2ac08
0x000000030dc426b8:   000000011b6a1836 000000030dc426c0
0x000000030dc426c8:   00000001364562b0 000000030dc42730
0x000000030dc426d8:   0000000136456820 0000000000000000
0x000000030dc426e8:   000000070fd0b240 00000001364562b8
0x000000030dc426f8:   0000000000000000 000000030dc42728
0x000000030dc42708:   000000030dc42780 000000011b69d449
0x000000030dc42718:   000000070fd0b240 000000011b69f358
0x000000030dc42728:   000000070fd15418 000000070fc2ac08
0x000000030dc42738:   000000030dc42738 00000001364561b7
0x000000030dc42748:   000000030dc427b0 0000000136456820
0x000000030dc42758:   0000000000000000 000000070fd0b240
0x000000030dc42768:   0000000136456228 000000030dc42728
0x000000030dc42778:   000000030dc427a0 000000030dc42810
0x000000030dc42788:   000000011b69d8c1 0000000000000000
0x000000030dc42798:   000000070fc2ac08 000000070fd15418
0x000000030dc427a8:   000000070fc2ab48 000000070fd0b368
0x000000030dc427b8:   0000000000000001 000000070fd0b378
0x000000030dc427c8:   000000030dc427b8 0000000136453c06
0x000000030dc427d8:   000000030dc42820 00000001364549a8 

Instructions: (pc=0x00007fff2032241f)
0x00007fff2032231f:   00 75 20 4d 85 f6 74 10 49 8b 3e e8 bf fb 01 00
0x00007fff2032232f:   4c 89 f7 e8 b7 fb 01 00 48 c7 05 56 8f 48 60 00
0x00007fff2032233f:   00 00 00 4d 85 e4 74 23 49 8b 3c 24 49 8b 5c 24
0x00007fff2032234f:   08 48 85 ff 74 05 e8 0f fc ff ff 4c 89 e7 e8 8c
0x00007fff2032235f:   fb 01 00 49 89 dc 48 85 db 75 dd 48 8b 05 57 ee
0x00007fff2032236f:   dd 66 48 8b 00 48 3b 45 d8 75 32 48 83 c4 30 5b
0x00007fff2032237f:   41 5c 41 5e 41 5f 5d c3 31 c0 eb 02 b0 01 80 3d
0x00007fff2032238f:   1a 90 48 60 00 0f 84 4a fd ff ff 0f b6 d0 4c 89
0x00007fff2032239f:   ff 31 f6 e8 30 f0 01 00 e9 38 fd ff ff e8 71 fa
0x00007fff203223af:   01 00 48 8d 3d 05 99 02 00 89 c6 31 c0 e8 36 e6
0x00007fff203223bf:   01 00 4c 89 ff e8 2d ea 01 00 48 89 c3 65 8b 04
0x00007fff203223cf:   25 18 00 00 00 31 c9 f0 0f b1 0d fe 8e 48 60 74
0x00007fff203223df:   0c 48 8d 3d f5 8e 48 60 e8 b6 fb 01 00 48 89 df
0x00007fff203223ef:   e8 e6 f9 01 00 0f 0b 90 e9 2b 40 00 00 90 90 90
0x00007fff203223ff:   90 48 85 ff 74 76 89 f8 83 e0 01 48 85 c0 75 6c
0x00007fff2032240f:   48 8b 07 48 b9 f8 ff ff ff ff 7f 00 00 48 21 c1
0x00007fff2032241f:   48 8b 51 20 f6 c2 04 74 54 a8 01 74 6f 48 b9 00
0x00007fff2032242f:   00 00 00 00 00 80 00 48 ba 00 00 00 00 00 00 00
0x00007fff2032243f:   01 48 39 c8 72 36 48 89 c6 48 29 d6 72 17 f0 48
0x00007fff2032244f:   0f b1 37 74 22 a8 01 75 e8 31 f6 ba 01 00 00 00
0x00007fff2032245f:   e9 02 d4 01 00 48 85 c8 75 3a 48 8b 35 40 7d 48
0x00007fff2032246f:   60 ff 25 8a ed dd 66 48 39 ce 72 ee c3 f6 c2 02
0x00007fff2032247f:   74 0d 66 83 79 1c 00 79 06 f6 41 28 02 75 1f 48
0x00007fff2032248f:   8b 35 43 7c 48 60 ff 25 65 ed dd 66 f6 41 1c 01
0x00007fff2032249f:   74 b7 eb d8 be 01 00 00 00 e9 d3 5a 00 00 48 8b
0x00007fff203224af:   05 84 f6 42 60 ff e0 90 90 90 90 90 90 90 90 e9
0x00007fff203224bf:   04 00 00 00 90 90 90 90 55 48 89 e5 53 50 48 89
0x00007fff203224cf:   fb f6 c3 01 75 21 48 b8 07 00 00 00 00 00 a0 00
0x00007fff203224df:   48 23 03 48 83 f8 01 75 15 48 89 df 48 83 c4 08
0x00007fff203224ef:   5b 5d e9 f8 f9 01 00 48 83 c4 08 5b 5d c3 48 89
0x00007fff203224ff:   df e8 3e 00 00 00 eb e1 90 90 90 90 90 90 90 90
0x00007fff2032250f:   90 90 90 90 90 90 90 48 85 ff 74 1c 55 48 89 e5 


Stack slot to memory mapping:
stack at sp + 0 slots: 0x00007fff20340343: _ZN19AutoreleasePoolPage12releaseUntilEPP11objc_object+0xa7 in /usr/lib/libobjc.A.dylib at 0x00007fff2031a000
stack at sp + 1 slots: 0x1ea9f3c511350000 is an unknown value
stack at sp + 2 slots: 0x00007fbc7f871000 points into unknown readable memory: 0x4f545541a1a1a1a1 | a1 a1 a1 a1 41 55 54 4f
stack at sp + 3 slots: 0x0 is NULL
stack at sp + 4 slots: 0x00000001364562b0 is pointing into metadata
stack at sp + 5 slots: 0x00007fff7bc13fbf: GCC_except_table772+0x5b8c4697 in /usr/lib/libobjc.A.dylib at 0x00007fff2031a000
stack at sp + 6 slots: 0x00007fbc6f008a00 is a thread
stack at sp + 7 slots: 0x000000030dc42640 is pointing into the stack for thread: 0x00007fbc6f008a00


---------------  P R O C E S S  ---------------

Threads class SMR info:
_java_thread_list=0x00007fbc3ec1bae0, length=13, elements={
0x00007fbc6f008a00, 0x00007fbc7f026a00, 0x00007fbc7f80ae00, 0x00007fbc7f873000,
0x00007fbc7f870a00, 0x00007fbc7f02ac00, 0x00007fbc7f873e00, 0x00007fbc7f874400,
0x00007fbc7f874a00, 0x00007fbc7f02d200, 0x00007fbc7f877c00, 0x00007fbc7f029a00,
0x00007fbc3f058c00
}

Java Threads: ( => current thread )
=>0x00007fbc6f008a00 JavaThread "main" [_thread_in_native, id=7171, stack(0x000000030db43000,0x000000030dc43000)]
  0x00007fbc7f026a00 JavaThread "Reference Handler" daemon [_thread_blocked, id=22111, stack(0x000000030e258000,0x000000030e358000)]
  0x00007fbc7f80ae00 JavaThread "Finalizer" daemon [_thread_blocked, id=43011, stack(0x000000030e35b000,0x000000030e45b000)]
  0x00007fbc7f873000 JavaThread "Signal Dispatcher" daemon [_thread_blocked, id=24835, stack(0x000000030e56f000,0x000000030e66f000)]
  0x00007fbc7f870a00 JavaThread "Service Thread" daemon [_thread_blocked, id=40707, stack(0x000000030e672000,0x000000030e772000)]
  0x00007fbc7f02ac00 JavaThread "Monitor Deflation Thread" daemon [_thread_blocked, id=40195, stack(0x000000030e775000,0x000000030e875000)]
  0x00007fbc7f873e00 JavaThread "C2 CompilerThread0" daemon [_thread_blocked, id=25091, stack(0x000000030e878000,0x000000030e978000)]
  0x00007fbc7f874400 JavaThread "C1 CompilerThread0" daemon [_thread_blocked, id=25347, stack(0x000000030e97b000,0x000000030ea7b000)]
  0x00007fbc7f874a00 JavaThread "Sweeper thread" daemon [_thread_blocked, id=25603, stack(0x000000030ea7e000,0x000000030eb7e000)]
  0x00007fbc7f02d200 JavaThread "Notification Thread" daemon [_thread_blocked, id=38963, stack(0x000000030eb81000,0x000000030ec81000)]
  0x00007fbc7f877c00 JavaThread "Common-Cleaner" daemon [_thread_blocked, id=38171, stack(0x000000030ed87000,0x000000030ee87000)]
  0x00007fbc7f029a00 JavaThread "AppKit Thread" daemon [_thread_in_native, id=259, stack(0x000000030d2c0000,0x000000030dac0000)]
  0x00007fbc3f058c00 JavaThread "AWT-Shutdown" [_thread_blocked, id=86327, stack(0x000000030ee8a000,0x000000030ef8a000)]

Other Threads:
  0x00007fbc3ec049c0 VMThread "VM Thread" [stack: 0x000000030e155000,0x000000030e255000] [id=15619]
  0x00007fbc7ec20660 WatcherThread [stack: 0x000000030ec84000,0x000000030ed84000] [id=38659]
  0x00007fbc8000a020 GCTaskThread "GC Thread#0" [stack: 0x000000030dc46000,0x000000030dd46000] [id=13315]
  0x00007fbc80104730 ConcurrentGCThread "G1 Main Marker" [stack: 0x000000030dd49000,0x000000030de49000] [id=13827]
  0x00007fbc7ef04690 ConcurrentGCThread "G1 Conc#0" [stack: 0x000000030de4c000,0x000000030df4c000] [id=17667]
  0x00007fbc7ee1d760 ConcurrentGCThread "G1 Refine#0" [stack: 0x000000030df4f000,0x000000030e04f000] [id=14595]
  0x00007fbc80204760 ConcurrentGCThread "G1 Service" [stack: 0x000000030e052000,0x000000030e152000] [id=14851]

Threads with active compile tasks:

VM state: not at safepoint (normal execution)

VM Mutex/Monitor currently owned by a thread: None

Heap address: 0x0000000700000000, size: 4096 MB, Compressed Oops mode: Zero based, Oop shift amount: 3
CDS archive(s) mapped at: [0x0000000800000000-0x0000000800bba000-0x0000000800bba000), size 12296192, SharedBaseAddress: 0x0000000800000000, ArchiveRelocationMode: 0.
Compressed class space mapped at: 0x0000000800c00000-0x0000000840c00000, reserved size: 1073741824
Narrow klass base: 0x0000000800000000, Narrow klass shift: 3, Narrow klass range: 0x100000000

GC Precious Log:
 CPUs: 8 total, 8 available
 Memory: 16384M
 Large Page Support: Disabled
 NUMA Support: Disabled
 Compressed Oops: Enabled (Zero based)
 Heap Region Size: 2M
 Heap Min Capacity: 8M
 Heap Initial Capacity: 256M
 Heap Max Capacity: 4G
 Pre-touch: Disabled
 Parallel Workers: 8
 Concurrent Workers: 2
 Concurrent Refinement Workers: 8
 Periodic GC: Disabled

Heap:
 garbage-first heap   total 266240K, used 4040K [0x0000000700000000, 0x0000000800000000)
  region size 2048K, 2 young (4096K), 0 survivors (0K)
 Metaspace       used 1836K, committed 1920K, reserved 1056768K
  class space    used 160K, committed 192K, reserved 1048576K

Heap Regions: E=young(eden), S=young(survivor), O=old, HS=humongous(starts), HC=humongous(continues), CS=collection set, F=free, OA=open archive, CA=closed archive, TAMS=top-at-mark-start (previous, next)
|   0|0x0000000700000000, 0x0000000700000000, 0x0000000700200000|  0%| F|  |TAMS 0x0000000700000000, 0x0000000700000000| Untracked 
|   1|0x0000000700200000, 0x0000000700200000, 0x0000000700400000|  0%| F|  |TAMS 0x0000000700200000, 0x0000000700200000| Untracked 
|   2|0x0000000700400000, 0x0000000700400000, 0x0000000700600000|  0%| F|  |TAMS 0x0000000700400000, 0x0000000700400000| Untracked 
|   3|0x0000000700600000, 0x0000000700600000, 0x0000000700800000|  0%| F|  |TAMS 0x0000000700600000, 0x0000000700600000| Untracked 
|   4|0x0000000700800000, 0x0000000700800000, 0x0000000700a00000|  0%| F|  |TAMS 0x0000000700800000, 0x0000000700800000| Untracked 
|   5|0x0000000700a00000, 0x0000000700a00000, 0x0000000700c00000|  0%| F|  |TAMS 0x0000000700a00000, 0x0000000700a00000| Untracked 
|   6|0x0000000700c00000, 0x0000000700c00000, 0x0000000700e00000|  0%| F|  |TAMS 0x0000000700c00000, 0x0000000700c00000| Untracked 
|   7|0x0000000700e00000, 0x0000000700e00000, 0x0000000701000000|  0%| F|  |TAMS 0x0000000700e00000, 0x0000000700e00000| Untracked 
|   8|0x0000000701000000, 0x0000000701000000, 0x0000000701200000|  0%| F|  |TAMS 0x0000000701000000, 0x0000000701000000| Untracked 
|   9|0x0000000701200000, 0x0000000701200000, 0x0000000701400000|  0%| F|  |TAMS 0x0000000701200000, 0x0000000701200000| Untracked 
|  10|0x0000000701400000, 0x0000000701400000, 0x0000000701600000|  0%| F|  |TAMS 0x0000000701400000, 0x0000000701400000| Untracked 
|  11|0x0000000701600000, 0x0000000701600000, 0x0000000701800000|  0%| F|  |TAMS 0x0000000701600000, 0x0000000701600000| Untracked 
|  12|0x0000000701800000, 0x0000000701800000, 0x0000000701a00000|  0%| F|  |TAMS 0x0000000701800000, 0x0000000701800000| Untracked 
|  13|0x0000000701a00000, 0x0000000701a00000, 0x0000000701c00000|  0%| F|  |TAMS 0x0000000701a00000, 0x0000000701a00000| Untracked 
|  14|0x0000000701c00000, 0x0000000701c00000, 0x0000000701e00000|  0%| F|  |TAMS 0x0000000701c00000, 0x0000000701c00000| Untracked 
|  15|0x0000000701e00000, 0x0000000701e00000, 0x0000000702000000|  0%| F|  |TAMS 0x0000000701e00000, 0x0000000701e00000| Untracked 
|  16|0x0000000702000000, 0x0000000702000000, 0x0000000702200000|  0%| F|  |TAMS 0x0000000702000000, 0x0000000702000000| Untracked 
|  17|0x0000000702200000, 0x0000000702200000, 0x0000000702400000|  0%| F|  |TAMS 0x0000000702200000, 0x0000000702200000| Untracked 
|  18|0x0000000702400000, 0x0000000702400000, 0x0000000702600000|  0%| F|  |TAMS 0x0000000702400000, 0x0000000702400000| Untracked 
|  19|0x0000000702600000, 0x0000000702600000, 0x0000000702800000|  0%| F|  |TAMS 0x0000000702600000, 0x0000000702600000| Untracked 
|  20|0x0000000702800000, 0x0000000702800000, 0x0000000702a00000|  0%| F|  |TAMS 0x0000000702800000, 0x0000000702800000| Untracked 
|  21|0x0000000702a00000, 0x0000000702a00000, 0x0000000702c00000|  0%| F|  |TAMS 0x0000000702a00000, 0x0000000702a00000| Untracked 
|  22|0x0000000702c00000, 0x0000000702c00000, 0x0000000702e00000|  0%| F|  |TAMS 0x0000000702c00000, 0x0000000702c00000| Untracked 
|  23|0x0000000702e00000, 0x0000000702e00000, 0x0000000703000000|  0%| F|  |TAMS 0x0000000702e00000, 0x0000000702e00000| Untracked 
|  24|0x0000000703000000, 0x0000000703000000, 0x0000000703200000|  0%| F|  |TAMS 0x0000000703000000, 0x0000000703000000| Untracked 
|  25|0x0000000703200000, 0x0000000703200000, 0x0000000703400000|  0%| F|  |TAMS 0x0000000703200000, 0x0000000703200000| Untracked 
|  26|0x0000000703400000, 0x0000000703400000, 0x0000000703600000|  0%| F|  |TAMS 0x0000000703400000, 0x0000000703400000| Untracked 
|  27|0x0000000703600000, 0x0000000703600000, 0x0000000703800000|  0%| F|  |TAMS 0x0000000703600000, 0x0000000703600000| Untracked 
|  28|0x0000000703800000, 0x0000000703800000, 0x0000000703a00000|  0%| F|  |TAMS 0x0000000703800000, 0x0000000703800000| Untracked 
|  29|0x0000000703a00000, 0x0000000703a00000, 0x0000000703c00000|  0%| F|  |TAMS 0x0000000703a00000, 0x0000000703a00000| Untracked 
|  30|0x0000000703c00000, 0x0000000703c00000, 0x0000000703e00000|  0%| F|  |TAMS 0x0000000703c00000, 0x0000000703c00000| Untracked 
|  31|0x0000000703e00000, 0x0000000703e00000, 0x0000000704000000|  0%| F|  |TAMS 0x0000000703e00000, 0x0000000703e00000| Untracked 
|  32|0x0000000704000000, 0x0000000704000000, 0x0000000704200000|  0%| F|  |TAMS 0x0000000704000000, 0x0000000704000000| Untracked 
|  33|0x0000000704200000, 0x0000000704200000, 0x0000000704400000|  0%| F|  |TAMS 0x0000000704200000, 0x0000000704200000| Untracked 
|  34|0x0000000704400000, 0x0000000704400000, 0x0000000704600000|  0%| F|  |TAMS 0x0000000704400000, 0x0000000704400000| Untracked 
|  35|0x0000000704600000, 0x0000000704600000, 0x0000000704800000|  0%| F|  |TAMS 0x0000000704600000, 0x0000000704600000| Untracked 
|  36|0x0000000704800000, 0x0000000704800000, 0x0000000704a00000|  0%| F|  |TAMS 0x0000000704800000, 0x0000000704800000| Untracked 
|  37|0x0000000704a00000, 0x0000000704a00000, 0x0000000704c00000|  0%| F|  |TAMS 0x0000000704a00000, 0x0000000704a00000| Untracked 
|  38|0x0000000704c00000, 0x0000000704c00000, 0x0000000704e00000|  0%| F|  |TAMS 0x0000000704c00000, 0x0000000704c00000| Untracked 
|  39|0x0000000704e00000, 0x0000000704e00000, 0x0000000705000000|  0%| F|  |TAMS 0x0000000704e00000, 0x0000000704e00000| Untracked 
|  40|0x0000000705000000, 0x0000000705000000, 0x0000000705200000|  0%| F|  |TAMS 0x0000000705000000, 0x0000000705000000| Untracked 
|  41|0x0000000705200000, 0x0000000705200000, 0x0000000705400000|  0%| F|  |TAMS 0x0000000705200000, 0x0000000705200000| Untracked 
|  42|0x0000000705400000, 0x0000000705400000, 0x0000000705600000|  0%| F|  |TAMS 0x0000000705400000, 0x0000000705400000| Untracked 
|  43|0x0000000705600000, 0x0000000705600000, 0x0000000705800000|  0%| F|  |TAMS 0x0000000705600000, 0x0000000705600000| Untracked 
|  44|0x0000000705800000, 0x0000000705800000, 0x0000000705a00000|  0%| F|  |TAMS 0x0000000705800000, 0x0000000705800000| Untracked 
|  45|0x0000000705a00000, 0x0000000705a00000, 0x0000000705c00000|  0%| F|  |TAMS 0x0000000705a00000, 0x0000000705a00000| Untracked 
|  46|0x0000000705c00000, 0x0000000705c00000, 0x0000000705e00000|  0%| F|  |TAMS 0x0000000705c00000, 0x0000000705c00000| Untracked 
|  47|0x0000000705e00000, 0x0000000705e00000, 0x0000000706000000|  0%| F|  |TAMS 0x0000000705e00000, 0x0000000705e00000| Untracked 
|  48|0x0000000706000000, 0x0000000706000000, 0x0000000706200000|  0%| F|  |TAMS 0x0000000706000000, 0x0000000706000000| Untracked 
|  49|0x0000000706200000, 0x0000000706200000, 0x0000000706400000|  0%| F|  |TAMS 0x0000000706200000, 0x0000000706200000| Untracked 
|  50|0x0000000706400000, 0x0000000706400000, 0x0000000706600000|  0%| F|  |TAMS 0x0000000706400000, 0x0000000706400000| Untracked 
|  51|0x0000000706600000, 0x0000000706600000, 0x0000000706800000|  0%| F|  |TAMS 0x0000000706600000, 0x0000000706600000| Untracked 
|  52|0x0000000706800000, 0x0000000706800000, 0x0000000706a00000|  0%| F|  |TAMS 0x0000000706800000, 0x0000000706800000| Untracked 
|  53|0x0000000706a00000, 0x0000000706a00000, 0x0000000706c00000|  0%| F|  |TAMS 0x0000000706a00000, 0x0000000706a00000| Untracked 
|  54|0x0000000706c00000, 0x0000000706c00000, 0x0000000706e00000|  0%| F|  |TAMS 0x0000000706c00000, 0x0000000706c00000| Untracked 
|  55|0x0000000706e00000, 0x0000000706e00000, 0x0000000707000000|  0%| F|  |TAMS 0x0000000706e00000, 0x0000000706e00000| Untracked 
|  56|0x0000000707000000, 0x0000000707000000, 0x0000000707200000|  0%| F|  |TAMS 0x0000000707000000, 0x0000000707000000| Untracked 
|  57|0x0000000707200000, 0x0000000707200000, 0x0000000707400000|  0%| F|  |TAMS 0x0000000707200000, 0x0000000707200000| Untracked 
|  58|0x0000000707400000, 0x0000000707400000, 0x0000000707600000|  0%| F|  |TAMS 0x0000000707400000, 0x0000000707400000| Untracked 
|  59|0x0000000707600000, 0x0000000707600000, 0x0000000707800000|  0%| F|  |TAMS 0x0000000707600000, 0x0000000707600000| Untracked 
|  60|0x0000000707800000, 0x0000000707800000, 0x0000000707a00000|  0%| F|  |TAMS 0x0000000707800000, 0x0000000707800000| Untracked 
|  61|0x0000000707a00000, 0x0000000707a00000, 0x0000000707c00000|  0%| F|  |TAMS 0x0000000707a00000, 0x0000000707a00000| Untracked 
|  62|0x0000000707c00000, 0x0000000707c00000, 0x0000000707e00000|  0%| F|  |TAMS 0x0000000707c00000, 0x0000000707c00000| Untracked 
|  63|0x0000000707e00000, 0x0000000707e00000, 0x0000000708000000|  0%| F|  |TAMS 0x0000000707e00000, 0x0000000707e00000| Untracked 
|  64|0x0000000708000000, 0x0000000708000000, 0x0000000708200000|  0%| F|  |TAMS 0x0000000708000000, 0x0000000708000000| Untracked 
|  65|0x0000000708200000, 0x0000000708200000, 0x0000000708400000|  0%| F|  |TAMS 0x0000000708200000, 0x0000000708200000| Untracked 
|  66|0x0000000708400000, 0x0000000708400000, 0x0000000708600000|  0%| F|  |TAMS 0x0000000708400000, 0x0000000708400000| Untracked 
|  67|0x0000000708600000, 0x0000000708600000, 0x0000000708800000|  0%| F|  |TAMS 0x0000000708600000, 0x0000000708600000| Untracked 
|  68|0x0000000708800000, 0x0000000708800000, 0x0000000708a00000|  0%| F|  |TAMS 0x0000000708800000, 0x0000000708800000| Untracked 
|  69|0x0000000708a00000, 0x0000000708a00000, 0x0000000708c00000|  0%| F|  |TAMS 0x0000000708a00000, 0x0000000708a00000| Untracked 
|  70|0x0000000708c00000, 0x0000000708c00000, 0x0000000708e00000|  0%| F|  |TAMS 0x0000000708c00000, 0x0000000708c00000| Untracked 
|  71|0x0000000708e00000, 0x0000000708e00000, 0x0000000709000000|  0%| F|  |TAMS 0x0000000708e00000, 0x0000000708e00000| Untracked 
|  72|0x0000000709000000, 0x0000000709000000, 0x0000000709200000|  0%| F|  |TAMS 0x0000000709000000, 0x0000000709000000| Untracked 
|  73|0x0000000709200000, 0x0000000709200000, 0x0000000709400000|  0%| F|  |TAMS 0x0000000709200000, 0x0000000709200000| Untracked 
|  74|0x0000000709400000, 0x0000000709400000, 0x0000000709600000|  0%| F|  |TAMS 0x0000000709400000, 0x0000000709400000| Untracked 
|  75|0x0000000709600000, 0x0000000709600000, 0x0000000709800000|  0%| F|  |TAMS 0x0000000709600000, 0x0000000709600000| Untracked 
|  76|0x0000000709800000, 0x0000000709800000, 0x0000000709a00000|  0%| F|  |TAMS 0x0000000709800000, 0x0000000709800000| Untracked 
|  77|0x0000000709a00000, 0x0000000709a00000, 0x0000000709c00000|  0%| F|  |TAMS 0x0000000709a00000, 0x0000000709a00000| Untracked 
|  78|0x0000000709c00000, 0x0000000709c00000, 0x0000000709e00000|  0%| F|  |TAMS 0x0000000709c00000, 0x0000000709c00000| Untracked 
|  79|0x0000000709e00000, 0x0000000709e00000, 0x000000070a000000|  0%| F|  |TAMS 0x0000000709e00000, 0x0000000709e00000| Untracked 
|  80|0x000000070a000000, 0x000000070a000000, 0x000000070a200000|  0%| F|  |TAMS 0x000000070a000000, 0x000000070a000000| Untracked 
|  81|0x000000070a200000, 0x000000070a200000, 0x000000070a400000|  0%| F|  |TAMS 0x000000070a200000, 0x000000070a200000| Untracked 
|  82|0x000000070a400000, 0x000000070a400000, 0x000000070a600000|  0%| F|  |TAMS 0x000000070a400000, 0x000000070a400000| Untracked 
|  83|0x000000070a600000, 0x000000070a600000, 0x000000070a800000|  0%| F|  |TAMS 0x000000070a600000, 0x000000070a600000| Untracked 
|  84|0x000000070a800000, 0x000000070a800000, 0x000000070aa00000|  0%| F|  |TAMS 0x000000070a800000, 0x000000070a800000| Untracked 
|  85|0x000000070aa00000, 0x000000070aa00000, 0x000000070ac00000|  0%| F|  |TAMS 0x000000070aa00000, 0x000000070aa00000| Untracked 
|  86|0x000000070ac00000, 0x000000070ac00000, 0x000000070ae00000|  0%| F|  |TAMS 0x000000070ac00000, 0x000000070ac00000| Untracked 
|  87|0x000000070ae00000, 0x000000070ae00000, 0x000000070b000000|  0%| F|  |TAMS 0x000000070ae00000, 0x000000070ae00000| Untracked 
|  88|0x000000070b000000, 0x000000070b000000, 0x000000070b200000|  0%| F|  |TAMS 0x000000070b000000, 0x000000070b000000| Untracked 
|  89|0x000000070b200000, 0x000000070b200000, 0x000000070b400000|  0%| F|  |TAMS 0x000000070b200000, 0x000000070b200000| Untracked 
|  90|0x000000070b400000, 0x000000070b400000, 0x000000070b600000|  0%| F|  |TAMS 0x000000070b400000, 0x000000070b400000| Untracked 
|  91|0x000000070b600000, 0x000000070b600000, 0x000000070b800000|  0%| F|  |TAMS 0x000000070b600000, 0x000000070b600000| Untracked 
|  92|0x000000070b800000, 0x000000070b800000, 0x000000070ba00000|  0%| F|  |TAMS 0x000000070b800000, 0x000000070b800000| Untracked 
|  93|0x000000070ba00000, 0x000000070ba00000, 0x000000070bc00000|  0%| F|  |TAMS 0x000000070ba00000, 0x000000070ba00000| Untracked 
|  94|0x000000070bc00000, 0x000000070bc00000, 0x000000070be00000|  0%| F|  |TAMS 0x000000070bc00000, 0x000000070bc00000| Untracked 
|  95|0x000000070be00000, 0x000000070be00000, 0x000000070c000000|  0%| F|  |TAMS 0x000000070be00000, 0x000000070be00000| Untracked 
|  96|0x000000070c000000, 0x000000070c000000, 0x000000070c200000|  0%| F|  |TAMS 0x000000070c000000, 0x000000070c000000| Untracked 
|  97|0x000000070c200000, 0x000000070c200000, 0x000000070c400000|  0%| F|  |TAMS 0x000000070c200000, 0x000000070c200000| Untracked 
|  98|0x000000070c400000, 0x000000070c400000, 0x000000070c600000|  0%| F|  |TAMS 0x000000070c400000, 0x000000070c400000| Untracked 
|  99|0x000000070c600000, 0x000000070c600000, 0x000000070c800000|  0%| F|  |TAMS 0x000000070c600000, 0x000000070c600000| Untracked 
| 100|0x000000070c800000, 0x000000070c800000, 0x000000070ca00000|  0%| F|  |TAMS 0x000000070c800000, 0x000000070c800000| Untracked 
| 101|0x000000070ca00000, 0x000000070ca00000, 0x000000070cc00000|  0%| F|  |TAMS 0x000000070ca00000, 0x000000070ca00000| Untracked 
| 102|0x000000070cc00000, 0x000000070cc00000, 0x000000070ce00000|  0%| F|  |TAMS 0x000000070cc00000, 0x000000070cc00000| Untracked 
| 103|0x000000070ce00000, 0x000000070ce00000, 0x000000070d000000|  0%| F|  |TAMS 0x000000070ce00000, 0x000000070ce00000| Untracked 
| 104|0x000000070d000000, 0x000000070d000000, 0x000000070d200000|  0%| F|  |TAMS 0x000000070d000000, 0x000000070d000000| Untracked 
| 105|0x000000070d200000, 0x000000070d200000, 0x000000070d400000|  0%| F|  |TAMS 0x000000070d200000, 0x000000070d200000| Untracked 
| 106|0x000000070d400000, 0x000000070d400000, 0x000000070d600000|  0%| F|  |TAMS 0x000000070d400000, 0x000000070d400000| Untracked 
| 107|0x000000070d600000, 0x000000070d600000, 0x000000070d800000|  0%| F|  |TAMS 0x000000070d600000, 0x000000070d600000| Untracked 
| 108|0x000000070d800000, 0x000000070d800000, 0x000000070da00000|  0%| F|  |TAMS 0x000000070d800000, 0x000000070d800000| Untracked 
| 109|0x000000070da00000, 0x000000070da00000, 0x000000070dc00000|  0%| F|  |TAMS 0x000000070da00000, 0x000000070da00000| Untracked 
| 110|0x000000070dc00000, 0x000000070dc00000, 0x000000070de00000|  0%| F|  |TAMS 0x000000070dc00000, 0x000000070dc00000| Untracked 
| 111|0x000000070de00000, 0x000000070de00000, 0x000000070e000000|  0%| F|  |TAMS 0x000000070de00000, 0x000000070de00000| Untracked 
| 112|0x000000070e000000, 0x000000070e000000, 0x000000070e200000|  0%| F|  |TAMS 0x000000070e000000, 0x000000070e000000| Untracked 
| 113|0x000000070e200000, 0x000000070e200000, 0x000000070e400000|  0%| F|  |TAMS 0x000000070e200000, 0x000000070e200000| Untracked 
| 114|0x000000070e400000, 0x000000070e400000, 0x000000070e600000|  0%| F|  |TAMS 0x000000070e400000, 0x000000070e400000| Untracked 
| 115|0x000000070e600000, 0x000000070e600000, 0x000000070e800000|  0%| F|  |TAMS 0x000000070e600000, 0x000000070e600000| Untracked 
| 116|0x000000070e800000, 0x000000070e800000, 0x000000070ea00000|  0%| F|  |TAMS 0x000000070e800000, 0x000000070e800000| Untracked 
| 117|0x000000070ea00000, 0x000000070ea00000, 0x000000070ec00000|  0%| F|  |TAMS 0x000000070ea00000, 0x000000070ea00000| Untracked 
| 118|0x000000070ec00000, 0x000000070ec00000, 0x000000070ee00000|  0%| F|  |TAMS 0x000000070ec00000, 0x000000070ec00000| Untracked 
| 119|0x000000070ee00000, 0x000000070ee00000, 0x000000070f000000|  0%| F|  |TAMS 0x000000070ee00000, 0x000000070ee00000| Untracked 
| 120|0x000000070f000000, 0x000000070f000000, 0x000000070f200000|  0%| F|  |TAMS 0x000000070f000000, 0x000000070f000000| Untracked 
| 121|0x000000070f200000, 0x000000070f200000, 0x000000070f400000|  0%| F|  |TAMS 0x000000070f200000, 0x000000070f200000| Untracked 
| 122|0x000000070f400000, 0x000000070f400000, 0x000000070f600000|  0%| F|  |TAMS 0x000000070f400000, 0x000000070f400000| Untracked 
| 123|0x000000070f600000, 0x000000070f600000, 0x000000070f800000|  0%| F|  |TAMS 0x000000070f600000, 0x000000070f600000| Untracked 
| 124|0x000000070f800000, 0x000000070f800000, 0x000000070fa00000|  0%| F|  |TAMS 0x000000070f800000, 0x000000070f800000| Untracked 
| 125|0x000000070fa00000, 0x000000070fa00000, 0x000000070fc00000|  0%| F|  |TAMS 0x000000070fa00000, 0x000000070fa00000| Untracked 
| 126|0x000000070fc00000, 0x000000070fd52880, 0x000000070fe00000| 66%| E|  |TAMS 0x000000070fc00000, 0x000000070fc00000| Complete 
| 127|0x000000070fe00000, 0x0000000710000000, 0x0000000710000000|100%| E|CS|TAMS 0x000000070fe00000, 0x000000070fe00000| Complete 
|1534|0x00000007bfc00000, 0x00000007bfd75000, 0x00000007bfe00000| 72%|OA|  |TAMS 0x00000007bfc00000, 0x00000007bfc00000| Untracked 
|1535|0x00000007bfe00000, 0x00000007bfe7d000, 0x00000007c0000000| 24%|CA|  |TAMS 0x00000007bfe00000, 0x00000007bfe00000| Untracked 

Card table byte_map: [0x000000012ae94000,0x000000012b694000] _byte_map_base: 0x0000000127694000

Marking Bits (Prev, Next): (CMBitMap*) 0x00007fbc5f008210, (CMBitMap*) 0x00007fbc5f008250
 Prev Bits: [0x000000012be94000, 0x000000012fe94000)
 Next Bits: [0x000000012fe94000, 0x0000000133e94000)

Polling page: 0x0000000104bca000

Metaspace:

Usage:
  Non-class:      1.64 MB used.
      Class:    160.80 KB used.
       Both:      1.79 MB used.

Virtual space:
  Non-class space:        8.00 MB reserved,       1.69 MB ( 21%) committed,  1 nodes.
      Class space:        1.00 GB reserved,     192.00 KB ( <1%) committed,  1 nodes.
              Both:        1.01 GB reserved,       1.88 MB ( <1%) committed. 

Chunk freelists:
   Non-Class:  3.64 MB
       Class:  3.69 MB
        Both:  7.33 MB

MaxMetaspaceSize: 17179869184.00 GB
CompressedClassSpaceSize: 1.00 GB
 - commit_granule_bytes: 65536.
 - commit_granule_words: 8192.
 - virtual_space_node_default_size: 1048576.
 - enlarge_chunks_in_place: 1.
 - new_chunks_are_fully_committed: 0.
 - uncommit_free_chunks: 1.
 - use_allocation_guard: 0.
 - handle_deallocations: 1.


Internal statistics:

num_allocs_failed_limit: 0.
num_arena_births: 50.
num_arena_deaths: 0.
num_vsnodes_births: 2.
num_vsnodes_deaths: 0.
num_space_committed: 30.
num_space_uncommitted: 0.
num_chunks_returned_to_freelist: 0.
num_chunks_taken_from_freelist: 80.
num_chunk_merges: 0.
num_chunk_splits: 49.
num_chunks_enlarged: 25.
num_purges: 0.

CodeHeap 'non-profiled nmethods': size=120028Kb used=94Kb max_used=94Kb free=119933Kb
 bounds [0x000000012315d000, 0x00000001233cd000, 0x000000012a694000]
CodeHeap 'profiled nmethods': size=120028Kb used=411Kb max_used=411Kb free=119617Kb
 bounds [0x000000011bc26000, 0x000000011be96000, 0x000000012315d000]
CodeHeap 'non-nmethods': size=5704Kb used=1120Kb max_used=1134Kb free=4583Kb
 bounds [0x000000011b694000, 0x000000011b904000, 0x000000011bc26000]
 total_blobs=707 nmethods=306 adapters=316
 compilation: enabled
              stopped_count=0, restarted_count=0
 full_count=0

Compilation events (20 events):
Event: 1.179 Thread 0x00007fbc7f874400 nmethod 297 0x0000000123173890 code [0x0000000123173a20, 0x0000000123173af0]
Event: 1.182 Thread 0x00007fbc7f874400  299       1       java.lang.reflect.Method::getName (5 bytes)
Event: 1.182 Thread 0x00007fbc7f874400 nmethod 299 0x0000000123173b90 code [0x0000000123173d20, 0x0000000123173df0]
Event: 1.182 Thread 0x00007fbc7f874400  300       1       java.net.URL::getUserInfo (5 bytes)
Event: 1.182 Thread 0x00007fbc7f874400 nmethod 300 0x0000000123173e90 code [0x0000000123174020, 0x00000001231740f0]
Event: 1.189 Thread 0x00007fbc7f873e00 nmethod 298 0x0000000123174190 code [0x0000000123174320, 0x0000000123174518]
Event: 1.191 Thread 0x00007fbc7f874400  301       3       java.util.HashMap::put (13 bytes)
Event: 1.192 Thread 0x00007fbc7f874400 nmethod 301 0x000000011bc8ad90 code [0x000000011bc8af60, 0x000000011bc8b270]
Event: 1.193 Thread 0x00007fbc7f874400  302       3       java.lang.Integer::valueOf (32 bytes)
Event: 1.194 Thread 0x00007fbc7f874400 nmethod 302 0x000000011bc8b390 code [0x000000011bc8b560, 0x000000011bc8b890]
Event: 1.195 Thread 0x00007fbc7f874400  303       3       java.nio.Buffer::remaining (20 bytes)
Event: 1.195 Thread 0x00007fbc7f874400 nmethod 303 0x000000011bc8ba10 code [0x000000011bc8bbc0, 0x000000011bc8bd50]
Event: 1.195 Thread 0x00007fbc7f874400  304       3       java.nio.Buffer::limit (65 bytes)
Event: 1.196 Thread 0x00007fbc7f874400 nmethod 304 0x000000011bc8be10 code [0x000000011bc8bfc0, 0x000000011bc8c280]
Event: 1.199 Thread 0x00007fbc7f874400  305       3       java.util.zip.Inflater::ensureOpen (47 bytes)
Event: 1.199 Thread 0x00007fbc7f874400 nmethod 305 0x000000011bc8c390 code [0x000000011bc8c540, 0x000000011bc8c7a0]
Event: 1.199 Thread 0x00007fbc7f874400  306       3       java.util.zip.ZipFile$Source::getEntryHash (7 bytes)
Event: 1.200 Thread 0x00007fbc7f874400 nmethod 306 0x000000011bc8c890 code [0x000000011bc8ca20, 0x000000011bc8cb50]
Event: 1.200 Thread 0x00007fbc7f874400  307       1       java.security.CodeSource::getLocation (5 bytes)
Event: 1.200 Thread 0x00007fbc7f874400 nmethod 307 0x0000000123174690 code [0x0000000123174820, 0x00000001231748f0]

GC Heap History (0 events):
No events

Deoptimization events (0 events):
No events

Classes unloaded (0 events):
No events

Classes redefined (0 events):
No events

Internal exceptions (7 events):
Event: 0.303 Thread 0x00007fbc6f008a00 Exception <a 'java/lang/ClassNotFoundException'{0x000000070ff153c0}: sun/awt/resources/spi/awtProvider> (0x000000070ff153c0) 
thrown [./open/src/hotspot/share/classfile/systemDictionary.cpp, line 256]
Event: 0.434 Thread 0x00007fbc6f008a00 Exception <a 'java/io/FileNotFoundException'{0x000000070ff6b510}> (0x000000070ff6b510) 
thrown [./open/src/hotspot/share/prims/jni.cpp, line 579]
Event: 0.526 Thread 0x00007fbc6f008a00 Exception <a 'java/io/FileNotFoundException'{0x000000070ff99b80}> (0x000000070ff99b80) 
thrown [./open/src/hotspot/share/prims/jni.cpp, line 579]
Event: 0.528 Thread 0x00007fbc6f008a00 Exception <a 'java/lang/NoSuchMethodError'{0x000000070ff9acb0}: 'java.lang.Object java.lang.invoke.DirectMethodHandle$Holder.invokeStatic(java.lang.Object)'> (0x000000070ff9acb0) 
thrown [./open/src/hotspot/share/interpreter/linkResolver.cpp, line 790]
Event: 0.531 Thread 0x00007fbc6f008a00 Exception <a 'java/lang/NoSuchMethodError'{0x000000070ff9e498}: 'java.lang.Object java.lang.invoke.DirectMethodHandle$Holder.invokeStaticInit(java.lang.Object)'> (0x000000070ff9e498) 
thrown [./open/src/hotspot/share/interpreter/linkResolver.cpp, line 790]
Event: 0.542 Thread 0x00007fbc6f008a00 Exception <a 'java/lang/ClassNotFoundException'{0x000000070ffa80e0}: sun/awt/resources/spi/awtosxProvider> (0x000000070ffa80e0) 
thrown [./open/src/hotspot/share/classfile/systemDictionary.cpp, line 256]
Event: 0.556 Thread 0x00007fbc6f008a00 Exception <a 'java/lang/NoSuchMethodError'{0x000000070ffaef50}: 'void java.lang.invoke.DirectMethodHandle$Holder.invokeSpecial(java.lang.Object, java.lang.Object, java.lang.Object)'> (0x000000070ffaef50) 
thrown [./open/src/hotspot/share/interpreter/linkResolver.cpp, line 790]

Events (20 events):
Event: 1.155 loading class java/awt/Point
Event: 1.155 loading class java/awt/geom/Point2D
Event: 1.155 loading class java/awt/geom/Point2D done
Event: 1.155 loading class java/awt/Point done
Event: 1.155 loading class java/awt/GraphicsConfiguration
Event: 1.155 loading class java/awt/GraphicsConfiguration done
Event: 1.155 loading class java/awt/Image
Event: 1.155 loading class java/awt/Image done
Event: 1.155 loading class java/awt/image/BufferedImage
Event: 1.156 loading class java/awt/image/WritableRenderedImage
Event: 1.156 loading class java/awt/image/RenderedImage
Event: 1.156 loading class java/awt/image/RenderedImage done
Event: 1.156 loading class java/awt/image/WritableRenderedImage done
Event: 1.156 loading class java/awt/Transparency
Event: 1.156 loading class java/awt/Transparency done
Event: 1.156 loading class java/awt/image/BufferedImage done
Event: 1.170 loading class jdk/internal/reflect/UnsafeQualifiedStaticIntegerFieldAccessorImpl
Event: 1.170 loading class jdk/internal/reflect/UnsafeQualifiedStaticIntegerFieldAccessorImpl done
Event: 1.201 loading class java/lang/NumberFormatException
Event: 1.201 loading class java/lang/NumberFormatException done


Dynamic libraries:
0x00007ffdfffa3000 	/usr/libexec/rosetta/runtime
0x000000010cbd0000 	/Library/Apple/usr/libexec/oah/libRosettaRuntime
0x00007fff2a707000 	/usr/lib/libz.1.dylib
0x000000010d0cb000 	/Library/Java/JavaVirtualMachines/jdk-16.jdk/Contents/Home/lib/libjli.dylib
0x00007fff35299000 	/System/Library/Frameworks/Cocoa.framework/Versions/A/Cocoa
0x00007fff2223b000 	/System/Library/Frameworks/Security.framework/Versions/A/Security
0x00007fff334a1000 	/System/Library/Frameworks/ApplicationServices.framework/Versions/A/ApplicationServices
0x00007fff2a7d3000 	/usr/lib/libSystem.B.dylib
0x00007fff2a7cd000 	/usr/lib/system/libcache.dylib
0x00007fff2a789000 	/usr/lib/system/libcommonCrypto.dylib
0x00007fff2a7b3000 	/usr/lib/system/libcompiler_rt.dylib
0x00007fff2a7a8000 	/usr/lib/system/libcopyfile.dylib
0x00007fff2020a000 	/usr/lib/system/libcorecrypto.dylib
0x00007fff202d5000 	/usr/lib/system/libdispatch.dylib
0x00007fff20488000 	/usr/lib/system/libdyld.dylib
0x00007fff2a7c4000 	/usr/lib/system/libkeymgr.dylib
0x00007fff2dd31000 	/usr/lib/system/liblaunch.dylib
0x00007fff2a767000 	/usr/lib/system/libmacho.dylib
0x00007fff29f5b000 	/usr/lib/system/libquarantine.dylib
0x00007fff2a7c1000 	/usr/lib/system/libremovefile.dylib
0x00007fff24c17000 	/usr/lib/system/libsystem_asl.dylib
0x00007fff201ba000 	/usr/lib/system/libsystem_blocks.dylib
0x00007fff20357000 	/usr/lib/system/libsystem_c.dylib
0x00007fff2a7bb000 	/usr/lib/system/libsystem_collections.dylib
0x00007fff29353000 	/usr/lib/system/libsystem_configuration.dylib
0x00007fff2863b000 	/usr/lib/system/libsystem_containermanager.dylib
0x00007fff2a506000 	/usr/lib/system/libsystem_coreservices.dylib
0x00007fff227f3000 	/usr/lib/system/libsystem_darwin.dylib
0x00007fff2a7c5000 	/usr/lib/system/libsystem_dnssd.dylib
0x00007fff20354000 	/usr/lib/system/libsystem_featureflags.dylib
0x00007fff204ce000 	/usr/lib/system/libsystem_info.dylib
0x00007fff2a71a000 	/usr/lib/system/libsystem_m.dylib
0x00007fff202a8000 	/usr/lib/system/libsystem_malloc.dylib
0x00007fff24baa000 	/usr/lib/system/libsystem_networkextension.dylib
0x00007fff22c12000 	/usr/lib/system/libsystem_notify.dylib
0x00007fff301c8000 	/usr/lib/system/libsystem_product_info_filter.dylib
0x00007fff29357000 	/usr/lib/system/libsystem_sandbox.dylib
0x00007fff2a7be000 	/usr/lib/system/libsystem_secinit.dylib
0x00007fff2044c000 	/usr/lib/system/libsystem_kernel.dylib
0x00007fff204c4000 	/usr/lib/system/libsystem_platform.dylib
0x00007fff2047c000 	/usr/lib/system/libsystem_pthread.dylib
0x00007fff26328000 	/usr/lib/system/libsystem_symptoms.dylib
0x00007fff201f2000 	/usr/lib/system/libsystem_trace.dylib
0x00007fff2a795000 	/usr/lib/system/libunwind.dylib
0x00007fff201bc000 	/usr/lib/system/libxpc.dylib
0x00007fff20436000 	/usr/lib/libc++abi.dylib
0x00007fff2031a000 	/usr/lib/libobjc.A.dylib
0x00007fff2a7a0000 	/usr/lib/liboah.dylib
0x00007fff203e0000 	/usr/lib/libc++.1.dylib
0x00007fff204fa000 	/System/Library/Frameworks/CoreFoundation.framework/Versions/A/CoreFoundation
0x00007fff211d3000 	/System/Library/Frameworks/Foundation.framework/Versions/C/Foundation
0x00007fff22c6c000 	/System/Library/Frameworks/AppKit.framework/Versions/C/AppKit
0x00007fff25b58000 	/System/Library/Frameworks/CoreData.framework/Versions/A/CoreData
0x00007fff239b8000 	/System/Library/PrivateFrameworks/UIFoundation.framework/Versions/A/UIFoundation
0x00007fff2ff5b000 	/System/Library/PrivateFrameworks/RemoteViewServices.framework/Versions/A/RemoteViewServices
0x00007fff28d01000 	/System/Library/PrivateFrameworks/XCTTargetBootstrap.framework/Versions/A/XCTTargetBootstrap
0x00007fff2ba53000 	/usr/lib/libspindump.dylib
0x00007fff23c07000 	/System/Library/Frameworks/UniformTypeIdentifiers.framework/Versions/A/UniformTypeIdentifiers
0x00007fff27505000 	/usr/lib/libapp_launch_measurement.dylib
0x00007fff27508000 	/System/Library/PrivateFrameworks/CoreAutoLayout.framework/Versions/A/CoreAutoLayout
0x00007fff28668000 	/System/Library/Frameworks/Metal.framework/Versions/A/Metal
0x00007fff29362000 	/usr/lib/liblangid.dylib
0x00007fff28d05000 	/System/Library/PrivateFrameworks/CoreSVG.framework/Versions/A/CoreSVG
0x00007fff24c47000 	/System/Library/PrivateFrameworks/SkyLight.framework/Versions/A/SkyLight
0x00007fff24fad000 	/System/Library/Frameworks/CoreGraphics.framework/Versions/A/CoreGraphics
0x00007fff30482000 	/System/Library/Frameworks/Accelerate.framework/Versions/A/Accelerate
0x00007fff2b491000 	/System/Library/PrivateFrameworks/IconServices.framework/Versions/A/IconServices
0x00007fff2864c000 	/System/Library/Frameworks/IOSurface.framework/Versions/A/IOSurface
0x00007fff264ec000 	/usr/lib/libDiagnosticMessagesClient.dylib
0x00007fff28ced000 	/System/Library/PrivateFrameworks/DFRFoundation.framework/Versions/A/DFRFoundation
0x00007fff22593000 	/usr/lib/libicucore.A.dylib
0x00007fff2cf9a000 	/System/Library/Frameworks/AudioToolbox.framework/Versions/A/AudioToolbox
0x00007fff2c222000 	/System/Library/PrivateFrameworks/DataDetectorsCore.framework/Versions/A/DataDetectorsCore
0x00007fff24bba000 	/usr/lib/libMobileGestalt.dylib
0x00007fff289f1000 	/System/Library/Frameworks/Carbon.framework/Versions/A/Frameworks/HIToolbox.framework/Versions/A/HIToolbox
0x00007fff26f4a000 	/System/Library/Frameworks/QuartzCore.framework/Versions/A/QuartzCore
0x00007fff2ff93000 	/System/Library/Frameworks/Carbon.framework/Versions/A/Frameworks/SpeechRecognition.framework/Versions/A/SpeechRecognition
0x00007fff2726a000 	/System/Library/PrivateFrameworks/CoreUI.framework/Versions/A/CoreUI
0x00007fff21ba9000 	/System/Library/Frameworks/CoreAudio.framework/Versions/A/CoreAudio
0x00007fff265d7000 	/System/Library/Frameworks/DiskArbitration.framework/Versions/A/DiskArbitration
0x00007fff2be20000 	/System/Library/PrivateFrameworks/MultitouchSupport.framework/Versions/A/MultitouchSupport
0x00007fff2c219000 	/System/Library/PrivateFrameworks/InternationalSupport.framework/Versions/A/InternationalSupport
0x00007fff24bb9000 	/usr/lib/libenergytrace.dylib
0x00007fff22b63000 	/System/Library/Frameworks/IOKit.framework/Versions/A/IOKit
0x00007fff302c6000 	/System/Library/Frameworks/CoreServices.framework/Versions/A/CoreServices
0x00007fff27497000 	/System/Library/PrivateFrameworks/PerformanceAnalysis.framework/Versions/A/PerformanceAnalysis
0x00007fff6be3f000 	/System/Library/Frameworks/OpenGL.framework/Versions/A/OpenGL
0x00007fff2c29d000 	/System/Library/PrivateFrameworks/UserActivity.framework/Versions/A/UserActivity
0x00007fff2565f000 	/System/Library/Frameworks/ColorSync.framework/Versions/A/ColorSync
0x00007fff28f70000 	/System/Library/Frameworks/CoreImage.framework/Versions/A/CoreImage
0x00007fff219c3000 	/System/Library/Frameworks/CoreText.framework/Versions/A/CoreText
0x00007fff28d2f000 	/System/Library/Frameworks/ImageIO.framework/Versions/A/ImageIO
0x00007fff2a7d9000 	/System/Library/PrivateFrameworks/SoftLinking.framework/Versions/A/SoftLinking
0x00007fff27550000 	/usr/lib/libxml2.2.dylib
0x00007fff2aa46000 	/usr/lib/libcompression.dylib
0x00007fff2c14b000 	/System/Library/PrivateFrameworks/TextureIO.framework/Versions/A/TextureIO
0x00007fff2b136000 	/usr/lib/libate.dylib
0x00007fff2ae62000 	/usr/lib/liblzma.5.dylib
0x00007fff20ee7000 	/System/Library/Frameworks/SystemConfiguration.framework/Versions/A/SystemConfiguration
0x00007fff2a7d5000 	/usr/lib/libfakelink.dylib
0x00007fff2470b000 	/System/Library/Frameworks/CFNetwork.framework/Versions/A/CFNetwork
0x00007fff2a915000 	/usr/lib/libarchive.2.dylib
0x00007fff20f65000 	/usr/lib/libCRFSuite.dylib
0x00007fff29f82000 	/usr/lib/libbsm.0.dylib
0x00007fff24084000 	/usr/lib/libnetwork.dylib
0x00007fff2a7da000 	/usr/lib/libpcap.A.dylib
0x00007fff26321000 	/usr/lib/libdns_services.dylib
0x00007fff2ae7b000 	/usr/lib/libcoretls_cfhelpers.dylib
0x00007fff2aa14000 	/usr/lib/libapple_nghttp2.dylib
0x00007fff2a76d000 	/usr/lib/system/libkxld.dylib
0x00007fff25f9f000 	/usr/lib/libsqlite3.dylib
0x00007fff2a4e9000 	/System/Library/PrivateFrameworks/AppleFSCompression.framework/Versions/A/AppleFSCompression
0x00007fff29f6a000 	/usr/lib/libcoretls.dylib
0x00007fff2aa41000 	/usr/lib/libpam.2.dylib
0x00007fff2af79000 	/usr/lib/libxar.1.dylib
0x00007fff2935e000 	/System/Library/PrivateFrameworks/AppleSystemInfo.framework/Versions/A/AppleSystemInfo
0x00007fff29bac000 	/System/Library/PrivateFrameworks/IOMobileFramebuffer.framework/Versions/A/IOMobileFramebuffer
0x00007fff2a4f9000 	/usr/lib/libbz2.1.0.dylib
0x00007fff2a812000 	/usr/lib/libiconv.2.dylib
0x00007fff2a766000 	/usr/lib/libcharset.1.dylib
0x00007fff274d3000 	/System/Library/Frameworks/CoreServices.framework/Versions/A/Frameworks/FSEvents.framework/Versions/A/FSEvents
0x00007fff227fd000 	/System/Library/Frameworks/CoreServices.framework/Versions/A/Frameworks/CarbonCore.framework/Versions/A/CarbonCore
0x00007fff2653c000 	/System/Library/Frameworks/CoreServices.framework/Versions/A/Frameworks/Metadata.framework/Versions/A/Metadata
0x00007fff2a50b000 	/System/Library/Frameworks/CoreServices.framework/Versions/A/Frameworks/OSServices.framework/Versions/A/OSServices
0x00007fff2a987000 	/System/Library/Frameworks/CoreServices.framework/Versions/A/Frameworks/SearchKit.framework/Versions/A/SearchKit
0x00007fff262ac000 	/System/Library/Frameworks/CoreServices.framework/Versions/A/Frameworks/AE.framework/Versions/A/AE
0x00007fff20998000 	/System/Library/Frameworks/CoreServices.framework/Versions/A/Frameworks/LaunchServices.framework/Versions/A/LaunchServices
0x00007fff2ae12000 	/System/Library/Frameworks/CoreServices.framework/Versions/A/Frameworks/DictionaryServices.framework/Versions/A/DictionaryServices
0x00007fff274e0000 	/System/Library/Frameworks/CoreServices.framework/Versions/A/Frameworks/SharedFileList.framework/Versions/A/SharedFileList
0x00007fff29f5e000 	/usr/lib/libCheckFix.dylib
0x00007fff24c2e000 	/System/Library/PrivateFrameworks/TCC.framework/Versions/A/TCC
0x00007fff29364000 	/System/Library/PrivateFrameworks/CoreNLP.framework/Versions/A/CoreNLP
0x00007fff264ef000 	/System/Library/PrivateFrameworks/MetadataUtilities.framework/Versions/A/MetadataUtilities
0x00007fff20f9a000 	/usr/lib/libmecabra.dylib
0x00007fff2a268000 	/System/Library/Frameworks/MLCompute.framework/Versions/A/MLCompute
0x00007fff29f93000 	/usr/lib/libmecab.dylib
0x00007fff29fdd000 	/usr/lib/libgermantok.dylib
0x00007fff2a9ef000 	/usr/lib/libThaiTokenizer.dylib
0x00007fff2afb4000 	/usr/lib/libChineseTokenizer.dylib
0x00007fff2aa3f000 	/System/Library/Frameworks/MetalPerformanceShaders.framework/Versions/A/MetalPerformanceShaders
0x00007fff265de000 	/System/Library/Frameworks/Accelerate.framework/Versions/A/Frameworks/vImage.framework/Versions/A/vImage
0x00007fff302a0000 	/System/Library/Frameworks/Accelerate.framework/Versions/A/Frameworks/vecLib.framework/Versions/A/vecLib
0x00007fff2afbf000 	/System/Library/Frameworks/Accelerate.framework/Versions/A/Frameworks/vecLib.framework/Versions/A/libvMisc.dylib
0x00007fff29a0c000 	/System/Library/Frameworks/Accelerate.framework/Versions/A/Frameworks/vecLib.framework/Versions/A/libvDSP.dylib
0x00007fff20ca3000 	/System/Library/Frameworks/Accelerate.framework/Versions/A/Frameworks/vecLib.framework/Versions/A/libBLAS.dylib
0x00007fff2aa6d000 	/System/Library/Frameworks/Accelerate.framework/Versions/A/Frameworks/vecLib.framework/Versions/A/libLAPACK.dylib
0x00007fff29fe3000 	/System/Library/Frameworks/Accelerate.framework/Versions/A/Frameworks/vecLib.framework/Versions/A/libLinearAlgebra.dylib
0x00007fff2aa2c000 	/System/Library/Frameworks/Accelerate.framework/Versions/A/Frameworks/vecLib.framework/Versions/A/libSparseBLAS.dylib
0x00007fff2aa67000 	/System/Library/Frameworks/Accelerate.framework/Versions/A/Frameworks/vecLib.framework/Versions/A/libQuadrature.dylib
0x00007fff29410000 	/System/Library/Frameworks/Accelerate.framework/Versions/A/Frameworks/vecLib.framework/Versions/A/libBNNS.dylib
0x00007fff20e78000 	/System/Library/Frameworks/Accelerate.framework/Versions/A/Frameworks/vecLib.framework/Versions/A/libSparse.dylib
0x00007fff292ec000 	/System/Library/Frameworks/MetalPerformanceShaders.framework/Versions/A/Frameworks/MPSCore.framework/Versions/A/MPSCore
0x00007fff2a458000 	/System/Library/Frameworks/MetalPerformanceShaders.framework/Versions/A/Frameworks/MPSImage.framework/Versions/A/MPSImage
0x00007fff29ff9000 	/System/Library/Frameworks/MetalPerformanceShaders.framework/Versions/A/Frameworks/MPSNeuralNetwork.framework/Versions/A/MPSNeuralNetwork
0x00007fff2a3ca000 	/System/Library/Frameworks/MetalPerformanceShaders.framework/Versions/A/Frameworks/MPSMatrix.framework/Versions/A/MPSMatrix
0x00007fff2a218000 	/System/Library/Frameworks/MetalPerformanceShaders.framework/Versions/A/Frameworks/MPSRayIntersector.framework/Versions/A/MPSRayIntersector
0x00007fff2a401000 	/System/Library/Frameworks/MetalPerformanceShaders.framework/Versions/A/Frameworks/MPSNDArray.framework/Versions/A/MPSNDArray
0x00007fff20bce000 	/System/Library/PrivateFrameworks/MetalTools.framework/Versions/A/MetalTools
0x00007fff2935c000 	/System/Library/PrivateFrameworks/AggregateDictionary.framework/Versions/A/AggregateDictionary
0x00007fff264bc000 	/System/Library/PrivateFrameworks/CoreAnalytics.framework/Versions/A/CoreAnalytics
0x00007fff2a9f1000 	/System/Library/PrivateFrameworks/AppleSauce.framework/Versions/A/AppleSauce
0x00007fff2865e000 	/System/Library/PrivateFrameworks/IOAccelerator.framework/Versions/A/IOAccelerator
0x00007fff6be33000 	/System/Library/Frameworks/OpenGL.framework/Versions/A/Libraries/libCoreFSCache.dylib
0x00007fff21532000 	/System/Library/PrivateFrameworks/LanguageModeling.framework/Versions/A/LanguageModeling
0x00007fff29b9a000 	/System/Library/PrivateFrameworks/CoreEmoji.framework/Versions/A/CoreEmoji
0x00007fff29409000 	/System/Library/PrivateFrameworks/LinguisticData.framework/Versions/A/LinguisticData
0x00007fff20e2a000 	/System/Library/PrivateFrameworks/Lexicon.framework/Versions/A/Lexicon
0x00007fff2a903000 	/usr/lib/libcmph.dylib
0x00007fff274b3000 	/System/Library/Frameworks/OpenDirectory.framework/Versions/A/Frameworks/CFOpenDirectory.framework/Versions/A/CFOpenDirectory
0x00007fff274a3000 	/System/Library/Frameworks/OpenDirectory.framework/Versions/A/OpenDirectory
0x00007fff2ae7d000 	/System/Library/PrivateFrameworks/APFS.framework/Versions/A/APFS
0x00007fff29ec0000 	/System/Library/Frameworks/SecurityFoundation.framework/Versions/A/SecurityFoundation
0x00007fff2af87000 	/usr/lib/libutil.dylib
0x00007fff22b28000 	/System/Library/PrivateFrameworks/CoreServicesStore.framework/Versions/A/CoreServicesStore
0x00007fff29f56000 	/System/Library/Frameworks/ServiceManagement.framework/Versions/A/ServiceManagement
0x00007fff2af8b000 	/usr/lib/libxslt.1.dylib
0x00007fff29f4c000 	/System/Library/PrivateFrameworks/BackgroundTaskManagement.framework/Versions/A/BackgroundTaskManagement
0x00007fff2c096000 	/System/Library/Frameworks/ImageIO.framework/Versions/A/Resources/libRadiance.dylib
0x00007fff2c09f000 	/System/Library/Frameworks/ImageIO.framework/Versions/A/Resources/libJPEG.dylib
0x00007fff2bfea000 	/System/Library/Frameworks/ImageIO.framework/Versions/A/Resources/libPng.dylib
0x00007fff2c011000 	/System/Library/Frameworks/ImageIO.framework/Versions/A/Resources/libTIFF.dylib
0x00007fff2c0f4000 	/System/Library/Frameworks/ImageIO.framework/Versions/A/Resources/libGIF.dylib
0x00007fff2bd3d000 	/System/Library/Frameworks/ImageIO.framework/Versions/A/Resources/libJP2.dylib
0x00007fff2b459000 	/usr/lib/libexpat.1.dylib
0x00007fff2bcf3000 	/System/Library/PrivateFrameworks/AppleJPEG.framework/Versions/A/AppleJPEG
0x00007fff28894000 	/System/Library/PrivateFrameworks/FontServices.framework/libFontParser.dylib
0x00007fff26263000 	/System/Library/PrivateFrameworks/RunningBoardServices.framework/Versions/A/RunningBoardServices
0x00007fff2be1c000 	/System/Library/PrivateFrameworks/WatchdogClient.framework/Versions/A/WatchdogClient
0x00007fff2161b000 	/System/Library/Frameworks/CoreDisplay.framework/Versions/A/CoreDisplay
0x00007fff287a9000 	/System/Library/Frameworks/CoreMedia.framework/Versions/A/CoreMedia
0x00007fff27633000 	/System/Library/Frameworks/CoreVideo.framework/Versions/A/CoreVideo
0x00007fff2be57000 	/System/Library/Frameworks/VideoToolbox.framework/Versions/A/VideoToolbox
0x00007fff261e3000 	/System/Library/PrivateFrameworks/BaseBoard.framework/Versions/A/BaseBoard
0x00007fff2b59d000 	/System/Library/PrivateFrameworks/PersistentConnection.framework/Versions/A/PersistentConnection
0x00007fff25f89000 	/System/Library/PrivateFrameworks/ProtocolBuffer.framework/Versions/A/ProtocolBuffer
0x00007fff261cb000 	/System/Library/PrivateFrameworks/CommonUtilities.framework/Versions/A/CommonUtilities
0x00007fff2bcb6000 	/System/Library/PrivateFrameworks/Bom.framework/Versions/A/Bom
0x00007fff2c08e000 	/System/Library/PrivateFrameworks/GPUWrangler.framework/Versions/A/GPUWrangler
0x00007fff2c071000 	/System/Library/PrivateFrameworks/IOPresentment.framework/Versions/A/IOPresentment
0x00007fff2c099000 	/System/Library/PrivateFrameworks/DSExternalDisplay.framework/Versions/A/DSExternalDisplay
0x00007fff2c0f9000 	/System/Library/PrivateFrameworks/CMCaptureCore.framework/Versions/A/CMCaptureCore
0x00007fff2ba39000 	/System/Library/PrivateFrameworks/AppServerSupport.framework/Versions/A/AppServerSupport
0x00007fff2dad4000 	/System/Library/PrivateFrameworks/perfdata.framework/Versions/A/perfdata
0x00007fff29eaf000 	/System/Library/PrivateFrameworks/AssertionServices.framework/Versions/A/AssertionServices
0x00007fff21752000 	/System/Library/PrivateFrameworks/AudioToolboxCore.framework/Versions/A/AudioToolboxCore
0x00007fff2878c000 	/System/Library/PrivateFrameworks/caulk.framework/Versions/A/caulk
0x00007fff3cf80000 	/System/Library/PrivateFrameworks/SystemPolicy.framework/Versions/A/SystemPolicy
0x00007fff2b268000 	/usr/lib/libIOReport.dylib
0x00007fff2d310000 	/usr/lib/libSMC.dylib
0x00007fff2bfb6000 	/usr/lib/libAudioToolboxUtility.dylib
0x00007fff3d8dd000 	/usr/lib/libmis.dylib
0x00007fff6be8f000 	/System/Library/Frameworks/OpenGL.framework/Versions/A/Libraries/libGLU.dylib
0x00007fff6be52000 	/System/Library/Frameworks/OpenGL.framework/Versions/A/Libraries/libGFXShared.dylib
0x00007fff6c060000 	/System/Library/Frameworks/OpenGL.framework/Versions/A/Libraries/libGL.dylib
0x00007fff6be5b000 	/System/Library/Frameworks/OpenGL.framework/Versions/A/Libraries/libGLImage.dylib
0x00007fff6be4f000 	/System/Library/Frameworks/OpenGL.framework/Versions/A/Libraries/libCVMSPluginSupport.dylib
0x00007fff6be3a000 	/System/Library/Frameworks/OpenGL.framework/Versions/A/Libraries/libCoreVMClient.dylib
0x00007fff6d4aa000 	/System/Library/Frameworks/OpenCL.framework/Versions/A/OpenCL
0x00007fff2b5c6000 	/System/Library/PrivateFrameworks/GraphVisualizer.framework/Versions/A/GraphVisualizer
0x00007fff2b5d5000 	/System/Library/PrivateFrameworks/FaceCore.framework/Versions/A/FaceCore
0x00007fff2b9f1000 	/System/Library/PrivateFrameworks/OTSVG.framework/Versions/A/OTSVG
0x00007fff27228000 	/System/Library/Frameworks/ApplicationServices.framework/Versions/A/Frameworks/ATS.framework/Versions/A/Resources/libFontRegistry.dylib
0x00007fff2ba40000 	/System/Library/PrivateFrameworks/FontServices.framework/libhvf.dylib
0x00007fff2b405000 	/System/Library/PrivateFrameworks/AppleVA.framework/Versions/A/AppleVA
0x00007fff2d158000 	/System/Library/Frameworks/ApplicationServices.framework/Versions/A/Frameworks/ATS.framework/Versions/A/ATS
0x00007fff2d46b000 	/System/Library/Frameworks/ApplicationServices.framework/Versions/A/Frameworks/ColorSyncLegacy.framework/Versions/A/ColorSyncLegacy
0x00007fff25756000 	/System/Library/Frameworks/ApplicationServices.framework/Versions/A/Frameworks/HIServices.framework/Versions/A/HIServices
0x00007fff2d450000 	/System/Library/Frameworks/ApplicationServices.framework/Versions/A/Frameworks/LangAnalysis.framework/Versions/A/LangAnalysis
0x00007fff2c103000 	/System/Library/Frameworks/ApplicationServices.framework/Versions/A/Frameworks/PrintCore.framework/Versions/A/PrintCore
0x00007fff2d473000 	/System/Library/Frameworks/ApplicationServices.framework/Versions/A/Frameworks/QD.framework/Versions/A/QD
0x00007fff2d148000 	/System/Library/Frameworks/ApplicationServices.framework/Versions/A/Frameworks/SpeechSynthesis.framework/Versions/A/SpeechSynthesis
0x00007fff2c0c4000 	/System/Library/Frameworks/ApplicationServices.framework/Versions/A/Frameworks/ATSUI.framework/Versions/A/ATSUI
0x00007fff2d3f0000 	/usr/lib/libcups.2.dylib
0x00007fff2d460000 	/System/Library/PrivateFrameworks/NetAuth.framework/Versions/A/NetAuth
0x00007fff2daef000 	/System/Library/Frameworks/Kerberos.framework/Versions/A/Kerberos
0x00007fff2daff000 	/System/Library/Frameworks/GSS.framework/Versions/A/GSS
0x00007fff2d1c5000 	/usr/lib/libresolv.9.dylib
0x00007fff2ba56000 	/System/Library/PrivateFrameworks/Heimdal.framework/Versions/A/Heimdal
0x00007fff337b6000 	/System/Library/Frameworks/Kerberos.framework/Versions/A/Libraries/libHeimdalProxy.dylib
0x00007fff26330000 	/System/Library/Frameworks/Network.framework/Versions/A/Network
0x00007fff2b472000 	/usr/lib/libheimdal-asn1.dylib
0x00007fff2db50000 	/System/Library/PrivateFrameworks/CommonAuth.framework/Versions/A/CommonAuth
0x00007fff27681000 	/System/Library/PrivateFrameworks/login.framework/Versions/A/Frameworks/loginsupport.framework/Versions/A/loginsupport
0x00007fff2d0cf000 	/System/Library/PrivateFrameworks/AudioSession.framework/Versions/A/AudioSession
0x00007fff2d135000 	/usr/lib/libAudioStatistics.dylib
0x00007fff2b4fe000 	/System/Library/PrivateFrameworks/MediaExperience.framework/Versions/A/MediaExperience
0x00007fff2cf68000 	/System/Library/PrivateFrameworks/AudioSession.framework/libSessionUtility.dylib
0x00007fff2dae0000 	/usr/lib/libperfcheck.dylib
0x00007fff2d47f000 	/System/Library/PrivateFrameworks/AudioResourceArbitration.framework/Versions/A/AudioResourceArbitration
0x00007fff2b47c000 	/System/Library/PrivateFrameworks/IconFoundation.framework/Versions/A/IconFoundation
0x00007fff2ff83000 	/System/Library/PrivateFrameworks/SpeechRecognitionCore.framework/Versions/A/SpeechRecognitionCore
0x0000000111800000 	/Library/Java/JavaVirtualMachines/jdk-16.jdk/Contents/Home/lib/server/libjvm.dylib
0x000000010d177000 	/Library/Java/JavaVirtualMachines/jdk-16.jdk/Contents/Home/lib/libjimage.dylib
0x000000010d1d2000 	/Library/Java/JavaVirtualMachines/jdk-16.jdk/Contents/Home/lib/libjava.dylib
0x000000010d5cf000 	/Library/Java/JavaVirtualMachines/jdk-16.jdk/Contents/Home/lib/libnio.dylib
0x000000010d5ff000 	/Library/Java/JavaVirtualMachines/jdk-16.jdk/Contents/Home/lib/libnet.dylib
0x000000010d649000 	/Library/Java/JavaVirtualMachines/jdk-16.jdk/Contents/Home/lib/libzip.dylib
0x000000010d675000 	/Library/Java/JavaVirtualMachines/jdk-16.jdk/Contents/Home/lib/libverify.dylib
0x00000001386f0000 	/Library/Java/JavaVirtualMachines/jdk-16.jdk/Contents/Home/lib/libawt.dylib
0x0000000135e94000 	/Library/Java/JavaVirtualMachines/jdk-16.jdk/Contents/Home/lib/libmlib_image.dylib
0x00007fff6eddf000 	/System/Library/Frameworks/JavaNativeFoundation.framework/Versions/A/JavaNativeFoundation
0x00007fff6edeb000 	/System/Library/Frameworks/JavaRuntimeSupport.framework/Versions/A/JavaRuntimeSupport
0x00007fff3ccca000 	/System/Library/Frameworks/Carbon.framework/Versions/A/Carbon
0x00007fff31df4000 	/System/Library/PrivateFrameworks/CoreSymbolication.framework/Versions/A/CoreSymbolication
0x00007fff36761000 	/System/Library/Frameworks/Carbon.framework/Versions/A/Frameworks/CommonPanels.framework/Versions/A/CommonPanels
0x00007fff3324b000 	/System/Library/Frameworks/Carbon.framework/Versions/A/Frameworks/Help.framework/Versions/A/Help
0x00007fff36765000 	/System/Library/Frameworks/Carbon.framework/Versions/A/Frameworks/ImageCapture.framework/Versions/A/ImageCapture
0x00007fff36735000 	/System/Library/Frameworks/Carbon.framework/Versions/A/Frameworks/OpenScripting.framework/Versions/A/OpenScripting
0x00007fff3675d000 	/System/Library/Frameworks/Carbon.framework/Versions/A/Frameworks/Ink.framework/Versions/A/Ink
0x00007fff3ccc6000 	/System/Library/Frameworks/Carbon.framework/Versions/A/Frameworks/Print.framework/Versions/A/Print
0x00007fff36759000 	/System/Library/Frameworks/Carbon.framework/Versions/A/Frameworks/SecurityHI.framework/Versions/A/SecurityHI
0x00007fff31db8000 	/System/Library/PrivateFrameworks/DebugSymbols.framework/Versions/A/DebugSymbols
0x0000000138869000 	/Library/Java/JavaVirtualMachines/jdk-16.jdk/Contents/Home/lib/libawt_lwawt.dylib
0x000000010d6ed000 	/Library/Java/JavaVirtualMachines/jdk-16.jdk/Contents/Home/lib/libosxapp.dylib
0x00007fff3c2e1000 	/System/Library/Frameworks/ExceptionHandling.framework/Versions/A/ExceptionHandling
0x00000001389eb000 	/Library/Java/JavaVirtualMachines/jdk-16.jdk/Contents/Home/lib/libfontmanager.dylib
0x0000000138a12000 	/Library/Java/JavaVirtualMachines/jdk-16.jdk/Contents/Home/lib/libharfbuzz.dylib
0x0000000138da8000 	/Library/Java/JavaVirtualMachines/jdk-16.jdk/Contents/Home/lib/libfreetype.dylib
0x00007fff22ae9000 	/System/Library/PrivateFrameworks/CoreServicesInternal.framework/Versions/A/CoreServicesInternal
0x00007fff3130a000 	/System/Library/Frameworks/FileProvider.framework/Versions/A/FileProvider
0x00007fff2614e000 	/System/Library/Frameworks/Accounts.framework/Versions/A/Accounts
0x00007fff3145a000 	/System/Library/PrivateFrameworks/GenerationalStorage.framework/Versions/A/GenerationalStorage
0x00007fff30d2a000 	/System/Library/PrivateFrameworks/SymptomDiagnosticReporter.framework/Versions/A/SymptomDiagnosticReporter
0x00007fff23c1a000 	/System/Library/PrivateFrameworks/DesktopServicesPriv.framework/Versions/A/DesktopServicesPriv
0x00007fff22c1e000 	/usr/lib/libsandbox.1.dylib
0x00007fff276ac000 	/System/Library/PrivateFrameworks/UserManagement.framework/Versions/A/UserManagement
0x00007fff29e8c000 	/System/Library/PrivateFrameworks/MobileKeyBag.framework/Versions/A/MobileKeyBag
0x00007fff34839000 	/System/Library/PrivateFrameworks/ChunkingLibrary.framework/Versions/A/ChunkingLibrary
0x00007fff2e513000 	/System/Library/PrivateFrameworks/Sharing.framework/Versions/A/Sharing
0x00007fff32db8000 	/System/Library/PrivateFrameworks/Apple80211.framework/Versions/A/Apple80211
0x00007fff2a539000 	/System/Library/PrivateFrameworks/AuthKit.framework/Versions/A/AuthKit
0x00007fff29c8a000 	/System/Library/PrivateFrameworks/CoreUtils.framework/Versions/A/CoreUtils
0x00007fff29bb7000 	/System/Library/Frameworks/CoreWLAN.framework/Versions/A/CoreWLAN
0x00007fff2e65f000 	/System/Library/Frameworks/IOBluetooth.framework/Versions/A/IOBluetooth
0x00007fff32e1c000 	/System/Library/PrivateFrameworks/CoreWiFi.framework/Versions/A/CoreWiFi
0x00007fff2dbd6000 	/System/Library/PrivateFrameworks/CorePhoneNumbers.framework/Versions/A/CorePhoneNumbers
0x00007fff30e31000 	/System/Library/PrivateFrameworks/DiskManagement.framework/Versions/A/DiskManagement
0x00007fff30d47000 	/System/Library/PrivateFrameworks/AppleIDAuthSupport.framework/Versions/A/AppleIDAuthSupport
0x00007fff2dbb6000 	/System/Library/PrivateFrameworks/KeychainCircle.framework/Versions/A/KeychainCircle
0x00007fff30dfd000 	/System/Library/PrivateFrameworks/MediaKit.framework/Versions/A/MediaKit
0x00007fff30d54000 	/System/Library/Frameworks/DiscRecording.framework/Versions/A/DiscRecording
0x00007fff2b379000 	/usr/lib/libCoreStorage.dylib
0x00007fff33257000 	/usr/lib/libcsfde.dylib
0x00007fff2e79a000 	/System/Library/PrivateFrameworks/ProtectedCloudStorage.framework/Versions/A/ProtectedCloudStorage
0x00007fff3324f000 	/System/Library/PrivateFrameworks/EFILogin.framework/Versions/A/EFILogin
0x00007fff33869000 	/System/Library/Frameworks/AudioUnit.framework/Versions/A/AudioUnit
0x00007fff30cc4000 	/System/Library/Frameworks/CoreBluetooth.framework/Versions/A/CoreBluetooth
0x00007fff2b371000 	/usr/lib/libMatch.1.dylib
0x00007fff43b50000 	/System/Library/CoreServices/RawCamera.bundle/Contents/MacOS/RawCamera
0x00007fff2db61000 	/System/Library/PrivateFrameworks/MobileAsset.framework/Versions/A/MobileAsset
0x00007fff3388d000 	/System/Library/PrivateFrameworks/StreamingZip.framework/Versions/A/StreamingZip
0x00007fff2c2fb000 	/System/Library/Frameworks/MediaToolbox.framework/Versions/A/MediaToolbox
0x00007fff312dc000 	/System/Library/PrivateFrameworks/CoreAVCHD.framework/Versions/A/CoreAVCHD
0x00007fff304c3000 	/System/Library/Frameworks/MediaAccessibility.framework/Versions/A/MediaAccessibility
0x00007fff312d8000 	/System/Library/PrivateFrameworks/Mangrove.framework/Versions/A/Mangrove
0x00007fff304cf000 	/System/Library/PrivateFrameworks/AlgosScoreFramework.framework/Versions/A/AlgosScoreFramework
0x00007fff31cc6000 	/System/Library/PrivateFrameworks/AppleVPA.framework/Versions/A/AppleVPA
0x00007fff30f1d000 	/System/Library/PrivateFrameworks/CoreAUC.framework/Versions/A/CoreAUC
0x00007fff415a4000 	/System/Library/Frameworks/Accelerate.framework/Versions/A/Frameworks/vImage.framework/Versions/A/Libraries/libCGInterfaces.dylib
0x000000013b45a000 	/usr/lib/libobjc-trampolines.dylib
0x00007fff273ab000 	/System/Library/PrivateFrameworks/ViewBridge.framework/Versions/A/ViewBridge
0x00007fff2b270000 	/System/Library/PrivateFrameworks/CrashReporterSupport.framework/Versions/A/CrashReporterSupport
0x00007fff47ccc000 	/System/Library/PrivateFrameworks/OSAnalytics.framework/Versions/A/OSAnalytics
0x00007fff77cde000 	/usr/lib/libRosetta.dylib
0x00007fff331de000 	/System/Library/PrivateFrameworks/RemoteServiceDiscovery.framework/Versions/A/RemoteServiceDiscovery
0x00007fff51989000 	/System/Library/PrivateFrameworks/Symbolication.framework/Versions/A/Symbolication
0x00007fff3d8bd000 	/System/Library/PrivateFrameworks/MallocStackLogging.framework/Versions/A/MallocStackLogging
0x000000013dab9000 	/Users/Ali/eclipse-workspace/Shaders/lib/natives/liblwjgl.jnilib
0x000000013c2ab000 	/Library/Java/JavaVirtualMachines/jdk-16.jdk/Contents/Home/lib/libjawt.dylib
0x00007fff6c06b000 	/System/Library/Frameworks/OpenGL.framework/Versions/A/Resources/GLEngine.bundle/GLEngine
0x00007fff6becc000 	/System/Library/Frameworks/OpenGL.framework/Versions/A/Libraries/libGLProgrammability.dylib
0x000000013dbb4000 	/System/Library/Extensions/AppleMetalOpenGLRenderer.bundle/Contents/MacOS/AppleMetalOpenGLRenderer
0x00007fff6c1e9000 	/System/Library/Frameworks/OpenGL.framework/Versions/A/Resources/GLRendererFloat.bundle/GLRendererFloat
0x000000013dd31000 	/System/Library/Extensions/AGXMetal13_3.bundle/Contents/MacOS/AGXMetal13_3
0x00007fff388ee000 	/System/Library/PrivateFrameworks/IOGPU.framework/Versions/A/IOGPU
0x00007fff699e8000 	/System/Library/PrivateFrameworks/GPUCompiler.framework/Versions/31001/Libraries/libmetal_timestamp.dylib
0x00007fff2bb17000 	/System/Library/PrivateFrameworks/login.framework/Versions/A/login


VM Arguments:
jvm_args: -Djava.library.path=/Users/Ali/eclipse-workspace/Shaders/lib/natives -Dfile.encoding=UTF-8 -XX:+ShowCodeDetailsInExceptionMessages 
java_command: engineTester.Main
java_class_path (initial): /Users/Ali/eclipse-workspace/Shaders/bin:/Users/Ali/eclipse-workspace/Shaders/lib/jar/lwjgl_util.jar:/Users/Ali/eclipse-workspace/Shaders/lib/jar/lwjgl.jar:/Users/Ali/eclipse-workspace/Shaders/lib/jar/slick-util.jar
Launcher Type: SUN_STANDARD

[Global flags]
     intx CICompilerCount                          = 4                                         {product} {ergonomic}
     uint ConcGCThreads                            = 2                                         {product} {ergonomic}
     uint G1ConcRefinementThreads                  = 8                                         {product} {ergonomic}
   size_t G1HeapRegionSize                         = 2097152                                   {product} {ergonomic}
    uintx GCDrainStackTargetSize                   = 64                                        {product} {ergonomic}
   size_t InitialHeapSize                          = 268435456                                 {product} {ergonomic}
   size_t MarkStackSize                            = 4194304                                   {product} {ergonomic}
   size_t MaxHeapSize                              = 4294967296                                {product} {ergonomic}
   size_t MaxNewSize                               = 2575302656                                {product} {ergonomic}
   size_t MinHeapDeltaBytes                        = 2097152                                   {product} {ergonomic}
   size_t MinHeapSize                              = 8388608                                   {product} {ergonomic}
    uintx NonNMethodCodeHeapSize                   = 5839372                                {pd product} {ergonomic}
    uintx NonProfiledCodeHeapSize                  = 122909434                              {pd product} {ergonomic}
    uintx ProfiledCodeHeapSize                     = 122909434                              {pd product} {ergonomic}
    uintx ReservedCodeCacheSize                    = 251658240                              {pd product} {ergonomic}
     bool SegmentedCodeCache                       = true                                      {product} {ergonomic}
     bool ShowCodeDetailsInExceptionMessages       = true                                   {manageable} {command line}
   size_t SoftMaxHeapSize                          = 4294967296                             {manageable} {ergonomic}
     bool UseCompressedClassPointers               = true                           {product lp64_product} {ergonomic}
     bool UseCompressedOops                        = true                           {product lp64_product} {ergonomic}
     bool UseG1GC                                  = true                                      {product} {ergonomic}
     bool UseNUMA                                  = false                                     {product} {ergonomic}
     bool UseNUMAInterleaving                      = false                                     {product} {ergonomic}

Logging:
Log output configuration:
 #0: stdout all=warning uptime,level,tags
 #1: stderr all=off uptime,level,tags

Environment Variables:
PATH=/usr/bin:/bin:/usr/sbin:/sbin
SHELL=/bin/zsh
DISPLAY=/private/tmp/com.apple.launchd.QTCfa70rxl/org.xquartz:0

Signal Handlers:
SIGSEGV: [libjvm.dylib+0xa7be40], sa_mask[0]=11100110100111111111111111111111, sa_flags=SA_ONSTACK|SA_RESTART|SA_SIGINFO
SIGBUS: [libjvm.dylib+0xa7be40], sa_mask[0]=11100110100111111111111111111111, sa_flags=SA_RESTART|SA_SIGINFO
SIGFPE: [libjvm.dylib+0xa7be40], sa_mask[0]=11100110100111111111111111111111, sa_flags=SA_RESTART|SA_SIGINFO
SIGPIPE: [libjvm.dylib+0x945d70], sa_mask[0]=11100110100111111111111111111111, sa_flags=SA_RESTART|SA_SIGINFO
SIGXFSZ: [libjvm.dylib+0x945d70], sa_mask[0]=11100110100111111111111111111111, sa_flags=SA_RESTART|SA_SIGINFO
SIGILL: [libjvm.dylib+0xa7be40], sa_mask[0]=11100110100111111111111111111111, sa_flags=SA_RESTART|SA_SIGINFO
SIGUSR2: [libjvm.dylib+0x946820], sa_mask[0]=00100000000000000000000000000000, sa_flags=SA_RESTART|SA_SIGINFO
SIGHUP: [libjvm.dylib+0x944de0], sa_mask[0]=11100110100111111111111111111111, sa_flags=SA_RESTART|SA_SIGINFO
SIGINT: [libjvm.dylib+0x944de0], sa_mask[0]=11100110100111111111111111111111, sa_flags=SA_RESTART|SA_SIGINFO
SIGTERM: [libjvm.dylib+0x944de0], sa_mask[0]=11100110100111111111111111111111, sa_flags=SA_RESTART|SA_SIGINFO
SIGQUIT: [libjvm.dylib+0x944de0], sa_mask[0]=11100110100111111111111111111111, sa_flags=SA_RESTART|SA_SIGINFO
SIGTRAP: [libjvm.dylib+0xa7be40], sa_mask[0]=11100110100111111111111111111111, sa_flags=SA_RESTART|SA_SIGINFO


---------------  S Y S T E M  ---------------

OS:uname: Darwin 20.6.0 Darwin Kernel Version 20.6.0: Wed Jun 23 00:26:27 PDT 2021; root:xnu-7195.141.2~5/RELEASE_ARM64_T8101 x86_64
OS uptime: 1 days 21:04 hours
rlimit (soft/hard): STACK 8176k/65520k , CORE 0k/infinity , NPROC 2666/4000 , NOFILE 10240/infinity , AS infinity/infinity , CPU infinity/infinity , DATA infinity/infinity , FSIZE infinity/infinity , MEMLOCK infinity/infinity , RSS infinity/infinity
load average: 5.05 4.50 4.02

CPU: total 8 (initial active 8) (1 cores per cpu, 1 threads per core) family 6 model 44 stepping 0 microcode 0x0, cx8, cmov, fxsr, mmx, sse, sse2, sse3, ssse3, sse4.1, sse4.2, popcnt, tsc, tscinvbit, aes, clmul, clflush

Memory: 4k page, physical 16777216k(21620k free), swap 1048576k(1020416k free)

vm_info: Java HotSpot(TM) 64-Bit Server VM (16+36-2231) for bsd-amd64 JRE (16+36-2231), built on Feb  8 2021 11:41:03 by "mach5one" with clang 4.2.1 Compatible Apple LLVM 11.0.0 (clang-1100.0.33.17)

END.
